[ 2017-09-14T08:56:30+08:00 ] 127.0.0.1 /arms/index.php?m=admin&c=login
INFO: [ app_init ] --START--
INFO: Run Behavior\BuildLiteBehavior [ RunTime:0.000132s ]
INFO: [ app_init ] --END-- [ RunTime:0.019327s ]
INFO: [ app_begin ] --START--
INFO: Run Behavior\ReadHtmlCacheBehavior [ RunTime:0.012396s ]
INFO: [ app_begin ] --END-- [ RunTime:0.013024s ]
INFO: [ view_parse ] --START--
INFO: [ template_filter ] --START--
INFO: Run Behavior\ContentReplaceBehavior [ RunTime:0.001540s ]
INFO: [ template_filter ] --END-- [ RunTime:0.002099s ]
INFO: Run Behavior\ParseTemplateBehavior [ RunTime:0.149886s ]
INFO: [ view_parse ] --END-- [ RunTime:0.150363s ]
INFO: [ view_filter ] --START--
INFO: Run Behavior\WriteHtmlCacheBehavior [ RunTime:0.011104s ]
INFO: [ view_filter ] --END-- [ RunTime:0.011659s ]
INFO: [ app_end ] --START--
INFO: Run Behavior\ShowPageTraceBehavior [ RunTime:0.031941s ]
INFO: [ app_end ] --END-- [ RunTime:0.032474s ]

[ 2017-09-14T08:56:36+08:00 ] 127.0.0.1 /arms/index.php?m=admin&c=login&a=check
INFO: [ app_init ] --START--
INFO: Run Behavior\BuildLiteBehavior [ RunTime:0.000092s ]
INFO: [ app_init ] --END-- [ RunTime:0.001504s ]
INFO: [ app_begin ] --START--
INFO: Run Behavior\ReadHtmlCacheBehavior [ RunTime:0.004713s ]
INFO: [ app_begin ] --END-- [ RunTime:0.005219s ]
SQL: SHOW COLUMNS FROM `doctor` [ RunTime:0.2956s ]
SQL: SELECT * FROM `doctor` WHERE `doctorid` = 'admin'  [ RunTime:0.0169s ]
NOTIC: [8] Undefined variable: module D:\wamp\www\arms\ThinkPHP\Common\functions.php 第 990 行.
NOTIC: [8] Undefined variable: var D:\wamp\www\arms\ThinkPHP\Common\functions.php 第 990 行.
NOTIC: [2] array_reverse() expects parameter 1 to be array, null given D:\wamp\www\arms\ThinkPHP\Common\functions.php 第 990 行.
NOTIC: [2] http_build_query(): Parameter 1 expected to be Array or Object.  Incorrect value given D:\wamp\www\arms\ThinkPHP\Common\functions.php 第 990 行.
INFO: [ view_parse ] --START--
INFO: [ template_filter ] --START--
INFO: Run Behavior\ContentReplaceBehavior [ RunTime:0.000262s ]
INFO: [ template_filter ] --END-- [ RunTime:0.000712s ]
INFO: Run Behavior\ParseTemplateBehavior [ RunTime:0.040811s ]
INFO: [ view_parse ] --END-- [ RunTime:0.041445s ]
INFO: [ view_filter ] --START--
INFO: Run Behavior\WriteHtmlCacheBehavior [ RunTime:0.000771s ]
INFO: [ view_filter ] --END-- [ RunTime:0.001308s ]
INFO: [ app_end ] --START--
INFO: Run Behavior\ShowPageTraceBehavior [ RunTime:0.002021s ]
INFO: [ app_end ] --END-- [ RunTime:0.002457s ]

[ 2017-09-14T08:56:37+08:00 ] 127.0.0.1 /arms/index.php?m=&&m=admin&c=index&a=index
INFO: [ app_init ] --START--
INFO: Run Behavior\BuildLiteBehavior [ RunTime:0.000088s ]
INFO: [ app_init ] --END-- [ RunTime:0.001402s ]
INFO: [ app_begin ] --START--
INFO: Run Behavior\ReadHtmlCacheBehavior [ RunTime:0.001815s ]
INFO: [ app_begin ] --END-- [ RunTime:0.002312s ]
INFO: [ view_parse ] --START--
INFO: [ template_filter ] --START--
INFO: Run Behavior\ContentReplaceBehavior [ RunTime:0.000336s ]
INFO: [ template_filter ] --END-- [ RunTime:0.000748s ]
INFO: Run Behavior\ParseTemplateBehavior [ RunTime:0.075588s ]
INFO: [ view_parse ] --END-- [ RunTime:0.076418s ]
INFO: [ view_filter ] --START--
INFO: Run Behavior\WriteHtmlCacheBehavior [ RunTime:0.000826s ]
INFO: [ view_filter ] --END-- [ RunTime:0.001234s ]
INFO: [ app_end ] --START--
INFO: Run Behavior\ShowPageTraceBehavior [ RunTime:0.001697s ]
INFO: [ app_end ] --END-- [ RunTime:0.002086s ]

[ 2017-09-14T09:17:24+08:00 ] 127.0.0.1 /arms/index.php?m=admin&c=index&a=tzgl
INFO: [ app_init ] --START--
INFO: Run Behavior\BuildLiteBehavior [ RunTime:0.000095s ]
INFO: [ app_init ] --END-- [ RunTime:0.011095s ]
INFO: [ app_begin ] --START--
INFO: Run Behavior\ReadHtmlCacheBehavior [ RunTime:0.011173s ]
INFO: [ app_begin ] --END-- [ RunTime:0.011696s ]
SQL: SHOW COLUMNS FROM `patient` [ RunTime:0.2255s ]
SQL: SHOW COLUMNS FROM `visit` [ RunTime:0.1371s ]
SQL: SHOW COLUMNS FROM `patient` [ RunTime:0.0763s ]
SQL: SELECT * FROM patient as a INNER JOIN Treatment as b on b.patientid=a.idnumber INNER JOIN Visit as c on c.treatmentid=b.treatmentid   [ RunTime:0.1723s ]
INFO: [ view_parse ] --START--
INFO: [ template_filter ] --START--
INFO: Run Behavior\ContentReplaceBehavior [ RunTime:0.000327s ]
INFO: [ template_filter ] --END-- [ RunTime:0.000931s ]
INFO: Run Behavior\ParseTemplateBehavior [ RunTime:0.170004s ]
INFO: [ view_parse ] --END-- [ RunTime:0.170439s ]
INFO: [ view_filter ] --START--
INFO: Run Behavior\WriteHtmlCacheBehavior [ RunTime:0.010583s ]
INFO: [ view_filter ] --END-- [ RunTime:0.010993s ]
INFO: [ app_end ] --START--
INFO: Run Behavior\ShowPageTraceBehavior [ RunTime:0.010604s ]
INFO: [ app_end ] --END-- [ RunTime:0.011115s ]

