[ 2017-05-18T21:08:52+08:00 ] 127.0.0.1 /arms1/index.php?m=admin&c=login
INFO: [ app_init ] --START--
INFO: Run Behavior\BuildLiteBehavior [ RunTime:0.000187s ]
INFO: [ app_init ] --END-- [ RunTime:0.019944s ]
INFO: [ app_begin ] --START--
INFO: Run Behavior\ReadHtmlCacheBehavior [ RunTime:0.003973s ]
INFO: [ app_begin ] --END-- [ RunTime:0.004480s ]
INFO: [ view_parse ] --START--
INFO: [ template_filter ] --START--
INFO: Run Behavior\ContentReplaceBehavior [ RunTime:0.000379s ]
INFO: [ template_filter ] --END-- [ RunTime:0.001069s ]
INFO: Run Behavior\ParseTemplateBehavior [ RunTime:0.092066s ]
INFO: [ view_parse ] --END-- [ RunTime:0.092586s ]
INFO: [ view_filter ] --START--
INFO: Run Behavior\WriteHtmlCacheBehavior [ RunTime:0.018296s ]
INFO: [ view_filter ] --END-- [ RunTime:0.018967s ]
INFO: [ app_end ] --START--
INFO: Run Behavior\ShowPageTraceBehavior [ RunTime:0.008934s ]
INFO: [ app_end ] --END-- [ RunTime:0.009551s ]

[ 2017-05-18T21:08:58+08:00 ] 127.0.0.1 /arms1/index.php?m=admin&c=login&a=check
INFO: [ app_init ] --START--
INFO: Run Behavior\BuildLiteBehavior [ RunTime:0.000173s ]
INFO: [ app_init ] --END-- [ RunTime:0.003226s ]
INFO: [ app_begin ] --START--
INFO: Run Behavior\ReadHtmlCacheBehavior [ RunTime:0.002714s ]
INFO: [ app_begin ] --END-- [ RunTime:0.003312s ]
SQL: SHOW COLUMNS FROM `doctor` [ RunTime:0.0819s ]
SQL: SELECT * FROM `doctor` WHERE `doctorid` = 'admin'  [ RunTime:0.0498s ]
NOTIC: [8] Undefined variable: module D:\wamp\www\arms1\ThinkPHP\Common\functions.php 第 990 行.
NOTIC: [8] Undefined variable: var D:\wamp\www\arms1\ThinkPHP\Common\functions.php 第 990 行.
NOTIC: [2] array_reverse() expects parameter 1 to be array, null given D:\wamp\www\arms1\ThinkPHP\Common\functions.php 第 990 行.
NOTIC: [2] http_build_query(): Parameter 1 expected to be Array or Object.  Incorrect value given D:\wamp\www\arms1\ThinkPHP\Common\functions.php 第 990 行.
INFO: [ view_parse ] --START--
INFO: [ template_filter ] --START--
INFO: Run Behavior\ContentReplaceBehavior [ RunTime:0.000319s ]
INFO: [ template_filter ] --END-- [ RunTime:0.000983s ]
INFO: Run Behavior\ParseTemplateBehavior [ RunTime:0.043662s ]
INFO: [ view_parse ] --END-- [ RunTime:0.044110s ]
INFO: [ view_filter ] --START--
INFO: Run Behavior\WriteHtmlCacheBehavior [ RunTime:0.002167s ]
INFO: [ view_filter ] --END-- [ RunTime:0.002794s ]
INFO: [ app_end ] --START--
INFO: Run Behavior\ShowPageTraceBehavior [ RunTime:0.004490s ]
INFO: [ app_end ] --END-- [ RunTime:0.004927s ]

[ 2017-05-18T21:08:59+08:00 ] 127.0.0.1 /arms1/index.php?m=&&m=admin
INFO: [ app_init ] --START--
INFO: Run Behavior\BuildLiteBehavior [ RunTime:0.000105s ]
INFO: [ app_init ] --END-- [ RunTime:0.001944s ]
INFO: [ app_begin ] --START--
INFO: Run Behavior\ReadHtmlCacheBehavior [ RunTime:0.003348s ]
INFO: [ app_begin ] --END-- [ RunTime:0.004234s ]
INFO: [ view_parse ] --START--
INFO: [ template_filter ] --START--
INFO: Run Behavior\ContentReplaceBehavior [ RunTime:0.000228s ]
INFO: [ template_filter ] --END-- [ RunTime:0.000637s ]
INFO: Run Behavior\ParseTemplateBehavior [ RunTime:0.029060s ]
INFO: [ view_parse ] --END-- [ RunTime:0.029514s ]
INFO: [ view_filter ] --START--
INFO: Run Behavior\WriteHtmlCacheBehavior [ RunTime:0.001725s ]
INFO: [ view_filter ] --END-- [ RunTime:0.002109s ]
INFO: [ app_end ] --START--
INFO: Run Behavior\ShowPageTraceBehavior [ RunTime:0.002601s ]
INFO: [ app_end ] --END-- [ RunTime:0.002999s ]

[ 2017-05-18T21:09:03+08:00 ] 127.0.0.1 /arms1/index.php?m=admin&c=index&a=tzgl
INFO: [ app_init ] --START--
INFO: Run Behavior\BuildLiteBehavior [ RunTime:0.000105s ]
INFO: [ app_init ] --END-- [ RunTime:0.001904s ]
INFO: [ app_begin ] --START--
INFO: Run Behavior\ReadHtmlCacheBehavior [ RunTime:0.003158s ]
INFO: [ app_begin ] --END-- [ RunTime:0.003680s ]
SQL: SHOW COLUMNS FROM `patient` [ RunTime:0.0372s ]
SQL: SHOW COLUMNS FROM `visit` [ RunTime:0.0425s ]
INFO: [ view_parse ] --START--
INFO: [ template_filter ] --START--
INFO: Run Behavior\ContentReplaceBehavior [ RunTime:0.000237s ]
INFO: [ template_filter ] --END-- [ RunTime:0.000691s ]
INFO: Run Behavior\ParseTemplateBehavior [ RunTime:0.126943s ]
INFO: [ view_parse ] --END-- [ RunTime:0.127646s ]
INFO: [ view_filter ] --START--
INFO: Run Behavior\WriteHtmlCacheBehavior [ RunTime:0.003731s ]
INFO: [ view_filter ] --END-- [ RunTime:0.004204s ]
INFO: [ app_end ] --START--
INFO: Run Behavior\ShowPageTraceBehavior [ RunTime:0.003202s ]
INFO: [ app_end ] --END-- [ RunTime:0.003915s ]

[ 2017-05-18T21:09:33+08:00 ] 127.0.0.1 /arms1/index.php?m=admin&c=index&a=tzgl
INFO: [ app_init ] --START--
INFO: Run Behavior\BuildLiteBehavior [ RunTime:0.000116s ]
INFO: [ app_init ] --END-- [ RunTime:0.002137s ]
INFO: [ app_begin ] --START--
INFO: Run Behavior\ReadHtmlCacheBehavior [ RunTime:0.002637s ]
INFO: [ app_begin ] --END-- [ RunTime:0.003139s ]
SQL: SHOW COLUMNS FROM `patient` [ RunTime:0.0294s ]
SQL: SHOW COLUMNS FROM `visit` [ RunTime:0.0268s ]
INFO: [ view_parse ] --START--
INFO: [ template_filter ] --START--
INFO: Run Behavior\ContentReplaceBehavior [ RunTime:0.000249s ]
INFO: [ template_filter ] --END-- [ RunTime:0.000698s ]
INFO: Run Behavior\ParseTemplateBehavior [ RunTime:0.036932s ]
INFO: [ view_parse ] --END-- [ RunTime:0.037399s ]
INFO: [ view_filter ] --START--
INFO: Run Behavior\WriteHtmlCacheBehavior [ RunTime:0.001795s ]
INFO: [ view_filter ] --END-- [ RunTime:0.002178s ]
INFO: [ app_end ] --START--
INFO: Run Behavior\ShowPageTraceBehavior [ RunTime:0.003812s ]
INFO: [ app_end ] --END-- [ RunTime:0.004386s ]

[ 2017-05-18T21:09:36+08:00 ] 127.0.0.1 /arms1/index.php?m=admin&c=index&a=tzgl
INFO: [ app_init ] --START--
INFO: Run Behavior\BuildLiteBehavior [ RunTime:0.000174s ]
INFO: [ app_init ] --END-- [ RunTime:0.002718s ]
INFO: [ app_begin ] --START--
INFO: Run Behavior\ReadHtmlCacheBehavior [ RunTime:0.002969s ]
INFO: [ app_begin ] --END-- [ RunTime:0.003558s ]
SQL: SHOW COLUMNS FROM `patient` [ RunTime:0.0263s ]
SQL: SHOW COLUMNS FROM `visit` [ RunTime:0.0229s ]
INFO: [ view_parse ] --START--
INFO: [ template_filter ] --START--
INFO: Run Behavior\ContentReplaceBehavior [ RunTime:0.000420s ]
INFO: [ template_filter ] --END-- [ RunTime:0.001223s ]
INFO: Run Behavior\ParseTemplateBehavior [ RunTime:0.039632s ]
INFO: [ view_parse ] --END-- [ RunTime:0.040206s ]
INFO: [ view_filter ] --START--
INFO: Run Behavior\WriteHtmlCacheBehavior [ RunTime:0.002126s ]
INFO: [ view_filter ] --END-- [ RunTime:0.002708s ]
INFO: [ app_end ] --START--
INFO: Run Behavior\ShowPageTraceBehavior [ RunTime:0.002945s ]
INFO: [ app_end ] --END-- [ RunTime:0.003407s ]

[ 2017-05-18T21:09:51+08:00 ] 127.0.0.1 /arms1/index.php?m=admin&c=index&a=tzgl
INFO: [ app_init ] --START--
INFO: Run Behavior\BuildLiteBehavior [ RunTime:0.000172s ]
INFO: [ app_init ] --END-- [ RunTime:0.004611s ]
INFO: [ app_begin ] --START--
INFO: Run Behavior\ReadHtmlCacheBehavior [ RunTime:0.002351s ]
INFO: [ app_begin ] --END-- [ RunTime:0.002917s ]
SQL: SHOW COLUMNS FROM `patient` [ RunTime:0.0376s ]
SQL: SHOW COLUMNS FROM `visit` [ RunTime:0.0333s ]
INFO: [ view_parse ] --START--
INFO: [ template_filter ] --START--
INFO: Run Behavior\ContentReplaceBehavior [ RunTime:0.000417s ]
INFO: [ template_filter ] --END-- [ RunTime:0.001230s ]
INFO: Run Behavior\ParseTemplateBehavior [ RunTime:0.060240s ]
INFO: [ view_parse ] --END-- [ RunTime:0.061184s ]
INFO: [ view_filter ] --START--
INFO: Run Behavior\WriteHtmlCacheBehavior [ RunTime:0.001399s ]
INFO: [ view_filter ] --END-- [ RunTime:0.001805s ]
INFO: [ app_end ] --START--
INFO: Run Behavior\ShowPageTraceBehavior [ RunTime:0.004722s ]
INFO: [ app_end ] --END-- [ RunTime:0.005354s ]

[ 2017-05-18T21:11:02+08:00 ] 127.0.0.1 /arms1/index.php?m=admin&c=index&a=tzgl
INFO: [ app_init ] --START--
INFO: Run Behavior\BuildLiteBehavior [ RunTime:0.000110s ]
INFO: [ app_init ] --END-- [ RunTime:0.002190s ]
INFO: [ app_begin ] --START--
INFO: Run Behavior\ReadHtmlCacheBehavior [ RunTime:0.002382s ]
INFO: [ app_begin ] --END-- [ RunTime:0.003207s ]
SQL: SHOW COLUMNS FROM `patient` [ RunTime:0.0257s ]
SQL: SHOW COLUMNS FROM `visit` [ RunTime:0.0244s ]
INFO: [ view_parse ] --START--
INFO: [ template_filter ] --START--
INFO: Run Behavior\ContentReplaceBehavior [ RunTime:0.000245s ]
INFO: [ template_filter ] --END-- [ RunTime:0.000655s ]
NOTIC: [8] Undefined variable: vo D:\wamp\www\arms1\Application\Runtime\Cache\Admin\c3429fae21a0c7e12fbb6c9ce58c30d9.php 第 69 行.
NOTIC: [8] Undefined variable: vo D:\wamp\www\arms1\Application\Runtime\Cache\Admin\c3429fae21a0c7e12fbb6c9ce58c30d9.php 第 70 行.
NOTIC: [8] Undefined variable: vo D:\wamp\www\arms1\Application\Runtime\Cache\Admin\c3429fae21a0c7e12fbb6c9ce58c30d9.php 第 71 行.
NOTIC: [8] Undefined variable: vo D:\wamp\www\arms1\Application\Runtime\Cache\Admin\c3429fae21a0c7e12fbb6c9ce58c30d9.php 第 72 行.
INFO: Run Behavior\ParseTemplateBehavior [ RunTime:0.028341s ]
INFO: [ view_parse ] --END-- [ RunTime:0.028834s ]
INFO: [ view_filter ] --START--
INFO: Run Behavior\WriteHtmlCacheBehavior [ RunTime:0.001136s ]
INFO: [ view_filter ] --END-- [ RunTime:0.001533s ]
INFO: [ app_end ] --START--
INFO: Run Behavior\ShowPageTraceBehavior [ RunTime:0.002056s ]
INFO: [ app_end ] --END-- [ RunTime:0.002450s ]

[ 2017-05-18T21:11:18+08:00 ] 127.0.0.1 /arms1/index.php?m=admin&c=index&a=tzgl
INFO: [ app_init ] --START--
INFO: Run Behavior\BuildLiteBehavior [ RunTime:0.000134s ]
INFO: [ app_init ] --END-- [ RunTime:0.002288s ]
INFO: [ app_begin ] --START--
INFO: Run Behavior\ReadHtmlCacheBehavior [ RunTime:0.003779s ]
INFO: [ app_begin ] --END-- [ RunTime:0.004478s ]
SQL: SHOW COLUMNS FROM `patient` [ RunTime:0.0249s ]
SQL: SHOW COLUMNS FROM `visit` [ RunTime:0.0262s ]
INFO: [ view_parse ] --START--
INFO: [ template_filter ] --START--
INFO: Run Behavior\ContentReplaceBehavior [ RunTime:0.000271s ]
INFO: [ template_filter ] --END-- [ RunTime:0.000696s ]
INFO: Run Behavior\ParseTemplateBehavior [ RunTime:0.054653s ]
INFO: [ view_parse ] --END-- [ RunTime:0.055281s ]
INFO: [ view_filter ] --START--
INFO: Run Behavior\WriteHtmlCacheBehavior [ RunTime:0.003074s ]
INFO: [ view_filter ] --END-- [ RunTime:0.003710s ]
INFO: [ app_end ] --START--
INFO: Run Behavior\ShowPageTraceBehavior [ RunTime:0.002912s ]
INFO: [ app_end ] --END-- [ RunTime:0.003306s ]

[ 2017-05-18T21:12:13+08:00 ] 127.0.0.1 /arms1/index.php?m=admin&c=index&a=tzgl
INFO: [ app_init ] --START--
INFO: Run Behavior\BuildLiteBehavior [ RunTime:0.000100s ]
INFO: [ app_init ] --END-- [ RunTime:0.002725s ]
INFO: [ app_begin ] --START--
INFO: Run Behavior\ReadHtmlCacheBehavior [ RunTime:0.004861s ]
INFO: [ app_begin ] --END-- [ RunTime:0.005638s ]
SQL: SHOW COLUMNS FROM `patient` [ RunTime:0.0295s ]
SQL: SHOW COLUMNS FROM `visit` [ RunTime:0.0251s ]
INFO: [ view_parse ] --START--
INFO: [ template_filter ] --START--
INFO: Run Behavior\ContentReplaceBehavior [ RunTime:0.000436s ]
INFO: [ template_filter ] --END-- [ RunTime:0.001187s ]
INFO: Run Behavior\ParseTemplateBehavior [ RunTime:0.038440s ]
INFO: [ view_parse ] --END-- [ RunTime:0.039113s ]
INFO: [ view_filter ] --START--
INFO: Run Behavior\WriteHtmlCacheBehavior [ RunTime:0.001902s ]
INFO: [ view_filter ] --END-- [ RunTime:0.002283s ]
INFO: [ app_end ] --START--
INFO: Run Behavior\ShowPageTraceBehavior [ RunTime:0.003048s ]
INFO: [ app_end ] --END-- [ RunTime:0.003469s ]

[ 2017-05-18T21:13:15+08:00 ] 127.0.0.1 /arms1/index.php?m=admin&c=index&a=tzgl
INFO: [ app_init ] --START--
INFO: Run Behavior\BuildLiteBehavior [ RunTime:0.000139s ]
INFO: [ app_init ] --END-- [ RunTime:0.004065s ]
INFO: [ app_begin ] --START--
INFO: Run Behavior\ReadHtmlCacheBehavior [ RunTime:0.003114s ]
INFO: [ app_begin ] --END-- [ RunTime:0.003791s ]
SQL: SHOW COLUMNS FROM `patient` [ RunTime:0.0349s ]
SQL: SHOW COLUMNS FROM `visit` [ RunTime:0.0303s ]
INFO: [ view_parse ] --START--
INFO: [ template_filter ] --START--
INFO: Run Behavior\ContentReplaceBehavior [ RunTime:0.000240s ]
INFO: [ template_filter ] --END-- [ RunTime:0.000687s ]
INFO: Run Behavior\ParseTemplateBehavior [ RunTime:0.045463s ]
INFO: [ view_parse ] --END-- [ RunTime:0.045963s ]
INFO: [ view_filter ] --START--
INFO: Run Behavior\WriteHtmlCacheBehavior [ RunTime:0.001857s ]
INFO: [ view_filter ] --END-- [ RunTime:0.002248s ]
INFO: [ app_end ] --START--
INFO: Run Behavior\ShowPageTraceBehavior [ RunTime:0.002684s ]
INFO: [ app_end ] --END-- [ RunTime:0.003074s ]

[ 2017-05-18T21:14:13+08:00 ] 127.0.0.1 /arms1/index.php?m=admin&c=index&a=tzgl
INFO: [ app_init ] --START--
INFO: Run Behavior\BuildLiteBehavior [ RunTime:0.000165s ]
INFO: [ app_init ] --END-- [ RunTime:0.002333s ]
INFO: [ app_begin ] --START--
INFO: Run Behavior\ReadHtmlCacheBehavior [ RunTime:0.002745s ]
INFO: [ app_begin ] --END-- [ RunTime:0.003231s ]
SQL: SHOW COLUMNS FROM `patient` [ RunTime:0.0269s ]
SQL: SHOW COLUMNS FROM `visit` [ RunTime:0.0228s ]
INFO: [ app_end ] --START--
INFO: Run Behavior\ShowPageTraceBehavior [ RunTime:0.002936s ]
INFO: [ app_end ] --END-- [ RunTime:0.003379s ]

[ 2017-05-18T21:14:44+08:00 ] 127.0.0.1 /arms1/index.php?m=admin&c=index&a=tzgl
INFO: [ app_init ] --START--
INFO: Run Behavior\BuildLiteBehavior [ RunTime:0.000094s ]
INFO: [ app_init ] --END-- [ RunTime:0.001820s ]
INFO: [ app_begin ] --START--
INFO: Run Behavior\ReadHtmlCacheBehavior [ RunTime:0.002754s ]
INFO: [ app_begin ] --END-- [ RunTime:0.003214s ]
SQL: SHOW COLUMNS FROM `patient` [ RunTime:0.0342s ]
SQL: SHOW COLUMNS FROM `visit` [ RunTime:0.0331s ]
INFO: [ app_end ] --START--
INFO: Run Behavior\ShowPageTraceBehavior [ RunTime:0.002979s ]
INFO: [ app_end ] --END-- [ RunTime:0.003446s ]

[ 2017-05-18T21:14:56+08:00 ] 127.0.0.1 /arms1/index.php?m=admin&c=index&a=tzgl
INFO: [ app_init ] --START--
INFO: Run Behavior\BuildLiteBehavior [ RunTime:0.000098s ]
INFO: [ app_init ] --END-- [ RunTime:0.001787s ]
INFO: [ app_begin ] --START--
INFO: Run Behavior\ReadHtmlCacheBehavior [ RunTime:0.003121s ]
INFO: [ app_begin ] --END-- [ RunTime:0.003718s ]
SQL: SHOW COLUMNS FROM `patient` [ RunTime:0.0270s ]
SQL: SHOW COLUMNS FROM `visit` [ RunTime:0.0287s ]
INFO: [ view_parse ] --START--
INFO: [ template_filter ] --START--
INFO: Run Behavior\ContentReplaceBehavior [ RunTime:0.000278s ]
INFO: [ template_filter ] --END-- [ RunTime:0.000862s ]
INFO: Run Behavior\ParseTemplateBehavior [ RunTime:0.039248s ]
INFO: [ view_parse ] --END-- [ RunTime:0.039691s ]
INFO: [ view_filter ] --START--
INFO: Run Behavior\WriteHtmlCacheBehavior [ RunTime:0.002422s ]
INFO: [ view_filter ] --END-- [ RunTime:0.002882s ]
INFO: [ app_end ] --START--
INFO: Run Behavior\ShowPageTraceBehavior [ RunTime:0.003812s ]
INFO: [ app_end ] --END-- [ RunTime:0.004583s ]

[ 2017-05-18T21:15:57+08:00 ] 127.0.0.1 /arms1/index.php?m=admin&c=index&a=tzgl
INFO: [ app_init ] --START--
INFO: Run Behavior\BuildLiteBehavior [ RunTime:0.000099s ]
INFO: [ app_init ] --END-- [ RunTime:0.003517s ]
INFO: [ app_begin ] --START--
INFO: Run Behavior\ReadHtmlCacheBehavior [ RunTime:0.002854s ]
INFO: [ app_begin ] --END-- [ RunTime:0.003384s ]
SQL: SHOW COLUMNS FROM `patient` [ RunTime:0.0297s ]
SQL: SHOW COLUMNS FROM `visit` [ RunTime:0.0266s ]
INFO: [ view_parse ] --START--
INFO: [ template_filter ] --START--
INFO: Run Behavior\ContentReplaceBehavior [ RunTime:0.000420s ]
INFO: [ template_filter ] --END-- [ RunTime:0.001085s ]
INFO: Run Behavior\ParseTemplateBehavior [ RunTime:0.035913s ]
INFO: [ view_parse ] --END-- [ RunTime:0.036545s ]
INFO: [ view_filter ] --START--
INFO: Run Behavior\WriteHtmlCacheBehavior [ RunTime:0.001870s ]
INFO: [ view_filter ] --END-- [ RunTime:0.002268s ]
INFO: [ app_end ] --START--
INFO: Run Behavior\ShowPageTraceBehavior [ RunTime:0.002835s ]
INFO: [ app_end ] --END-- [ RunTime:0.003227s ]

[ 2017-05-18T21:17:18+08:00 ] 127.0.0.1 /arms1/index.php?m=admin&c=index&a=tzgl
INFO: [ app_init ] --START--
INFO: Run Behavior\BuildLiteBehavior [ RunTime:0.000168s ]
INFO: [ app_init ] --END-- [ RunTime:0.002840s ]
INFO: [ app_begin ] --START--
INFO: Run Behavior\ReadHtmlCacheBehavior [ RunTime:0.003272s ]
INFO: [ app_begin ] --END-- [ RunTime:0.004289s ]
SQL: SHOW COLUMNS FROM `patient` [ RunTime:0.0301s ]
SQL: SHOW COLUMNS FROM `visit` [ RunTime:0.0341s ]
INFO: [ view_parse ] --START--
INFO: [ template_filter ] --START--
INFO: Run Behavior\ContentReplaceBehavior [ RunTime:0.000449s ]
INFO: [ template_filter ] --END-- [ RunTime:0.001227s ]
INFO: Run Behavior\ParseTemplateBehavior [ RunTime:0.064585s ]
INFO: [ view_parse ] --END-- [ RunTime:0.068068s ]
INFO: [ view_filter ] --START--
INFO: Run Behavior\WriteHtmlCacheBehavior [ RunTime:0.007918s ]
INFO: [ view_filter ] --END-- [ RunTime:0.010426s ]
INFO: [ app_end ] --START--
INFO: Run Behavior\ShowPageTraceBehavior [ RunTime:0.005802s ]
INFO: [ app_end ] --END-- [ RunTime:0.006615s ]

[ 2017-05-18T21:18:46+08:00 ] 127.0.0.1 /arms1/index.php?m=admin&c=index&a=tzgl
INFO: [ app_init ] --START--
INFO: Run Behavior\BuildLiteBehavior [ RunTime:0.000104s ]
INFO: [ app_init ] --END-- [ RunTime:0.001873s ]
INFO: [ app_begin ] --START--
INFO: Run Behavior\ReadHtmlCacheBehavior [ RunTime:0.002628s ]
INFO: [ app_begin ] --END-- [ RunTime:0.003268s ]
SQL: SHOW COLUMNS FROM `patient` [ RunTime:0.0283s ]
SQL: SHOW COLUMNS FROM `visit` [ RunTime:0.0259s ]
SQL: SELECT * FROM `patient`  [ RunTime:0.0013s ]
INFO: [ app_end ] --START--
INFO: Run Behavior\ShowPageTraceBehavior [ RunTime:0.002558s ]
INFO: [ app_end ] --END-- [ RunTime:0.003089s ]

[ 2017-05-18T21:18:57+08:00 ] 127.0.0.1 /arms1/index.php?m=admin&c=index&a=tzgl
INFO: [ app_init ] --START--
INFO: Run Behavior\BuildLiteBehavior [ RunTime:0.000098s ]
INFO: [ app_init ] --END-- [ RunTime:0.001888s ]
INFO: [ app_begin ] --START--
INFO: Run Behavior\ReadHtmlCacheBehavior [ RunTime:0.003072s ]
INFO: [ app_begin ] --END-- [ RunTime:0.003721s ]
SQL: SHOW COLUMNS FROM `patient` [ RunTime:0.0287s ]
SQL: SHOW COLUMNS FROM `visit` [ RunTime:0.0268s ]
SQL: SELECT * FROM `patient`  [ RunTime:0.0014s ]
INFO: [ app_end ] --START--
INFO: Run Behavior\ShowPageTraceBehavior [ RunTime:0.002500s ]
INFO: [ app_end ] --END-- [ RunTime:0.003059s ]

[ 2017-05-18T21:19:41+08:00 ] 127.0.0.1 /arms1/index.php?m=admin&c=index&a=tzgl
INFO: [ app_init ] --START--
INFO: Run Behavior\BuildLiteBehavior [ RunTime:0.000391s ]
INFO: [ app_init ] --END-- [ RunTime:0.002496s ]
INFO: [ app_begin ] --START--
INFO: Run Behavior\ReadHtmlCacheBehavior [ RunTime:0.002703s ]
INFO: [ app_begin ] --END-- [ RunTime:0.003156s ]
SQL: SHOW COLUMNS FROM `patient` [ RunTime:0.0345s ]
SQL: SHOW COLUMNS FROM `visit` [ RunTime:0.0262s ]
SQL: SELECT * FROM `patient`  [ RunTime:0.0016s ]
INFO: [ view_parse ] --START--
INFO: [ template_filter ] --START--
INFO: Run Behavior\ContentReplaceBehavior [ RunTime:0.000242s ]
INFO: [ template_filter ] --END-- [ RunTime:0.000685s ]
NOTIC: [8] Undefined index: visitnoticestate D:\wamp\www\arms1\Application\Runtime\Cache\Admin\c3429fae21a0c7e12fbb6c9ce58c30d9.php 第 71 行.
NOTIC: [8] Undefined index: visitnoticetime D:\wamp\www\arms1\Application\Runtime\Cache\Admin\c3429fae21a0c7e12fbb6c9ce58c30d9.php 第 72 行.
INFO: Run Behavior\ParseTemplateBehavior [ RunTime:0.034114s ]
INFO: [ view_parse ] --END-- [ RunTime:0.034535s ]
INFO: [ view_filter ] --START--
INFO: Run Behavior\WriteHtmlCacheBehavior [ RunTime:0.003317s ]
INFO: [ view_filter ] --END-- [ RunTime:0.003714s ]
INFO: [ app_end ] --START--
INFO: Run Behavior\ShowPageTraceBehavior [ RunTime:0.002787s ]
INFO: [ app_end ] --END-- [ RunTime:0.003223s ]

[ 2017-05-18T21:21:37+08:00 ] 127.0.0.1 /arms1/index.php?m=admin&c=index&a=tzgl
INFO: [ app_init ] --START--
INFO: Run Behavior\BuildLiteBehavior [ RunTime:0.000361s ]
INFO: [ app_init ] --END-- [ RunTime:0.003287s ]
INFO: [ app_begin ] --START--
INFO: Run Behavior\ReadHtmlCacheBehavior [ RunTime:0.003193s ]
INFO: [ app_begin ] --END-- [ RunTime:0.003720s ]
SQL: SHOW COLUMNS FROM `patient` [ RunTime:0.0273s ]
SQL: SHOW COLUMNS FROM `visit` [ RunTime:0.0274s ]
SQL: SELECT * FROM `patient`  [ RunTime:0.0013s ]
INFO: [ app_end ] --START--
INFO: Run Behavior\ShowPageTraceBehavior [ RunTime:0.004027s ]
INFO: [ app_end ] --END-- [ RunTime:0.004510s ]

[ 2017-05-18T21:21:47+08:00 ] 127.0.0.1 /arms1/index.php?m=admin&c=index&a=tzgl
INFO: [ app_init ] --START--
INFO: Run Behavior\BuildLiteBehavior [ RunTime:0.000098s ]
INFO: [ app_init ] --END-- [ RunTime:0.001810s ]
INFO: [ app_begin ] --START--
INFO: Run Behavior\ReadHtmlCacheBehavior [ RunTime:0.003141s ]
INFO: [ app_begin ] --END-- [ RunTime:0.003664s ]
SQL: SHOW COLUMNS FROM `patient` [ RunTime:0.0238s ]
SQL: SHOW COLUMNS FROM `visit` [ RunTime:0.0239s ]
SQL: SELECT * FROM `patient`  [ RunTime:0.0015s ]
INFO: [ app_end ] --START--
INFO: Run Behavior\ShowPageTraceBehavior [ RunTime:0.004046s ]
INFO: [ app_end ] --END-- [ RunTime:0.004763s ]

[ 2017-05-18T21:22:04+08:00 ] 127.0.0.1 /arms1/index.php?m=admin&c=index&a=tzgl
INFO: [ app_init ] --START--
INFO: Run Behavior\BuildLiteBehavior [ RunTime:0.000107s ]
INFO: [ app_init ] --END-- [ RunTime:0.002407s ]
INFO: [ app_begin ] --START--
INFO: Run Behavior\ReadHtmlCacheBehavior [ RunTime:0.003136s ]
INFO: [ app_begin ] --END-- [ RunTime:0.003951s ]
SQL: SHOW COLUMNS FROM `patient` [ RunTime:0.0292s ]
SQL: SHOW COLUMNS FROM `visit` [ RunTime:0.0247s ]
SQL: SELECT * FROM `patient`  [ RunTime:0.0020s ]
INFO: [ app_end ] --START--
INFO: Run Behavior\ShowPageTraceBehavior [ RunTime:0.003350s ]
INFO: [ app_end ] --END-- [ RunTime:0.003769s ]

