[ 2017-05-24T18:33:36+08:00 ] 127.0.0.1 /arms/index.php?m=admin&c=index&a=hzcx
INFO: [ app_init ] --START--
INFO: Run Behavior\BuildLiteBehavior [ RunTime:0.000119s ]
INFO: [ app_init ] --END-- [ RunTime:0.002742s ]
INFO: [ app_begin ] --START--
INFO: Run Behavior\ReadHtmlCacheBehavior [ RunTime:0.003696s ]
INFO: [ app_begin ] --END-- [ RunTime:0.004289s ]
SQL: SHOW COLUMNS FROM `patient` [ RunTime:0.0268s ]
SQL: SHOW COLUMNS FROM `patient` [ RunTime:0.0279s ]
SQL: SELECT * FROM `patient` WHERE `birthyear` = 1996  [ RunTime:0.0016s ]
INFO: [ view_parse ] --START--
INFO: [ template_filter ] --START--
INFO: Run Behavior\ContentReplaceBehavior [ RunTime:0.000233s ]
INFO: [ template_filter ] --END-- [ RunTime:0.000653s ]
INFO: Run Behavior\ParseTemplateBehavior [ RunTime:0.072688s ]
INFO: [ view_parse ] --END-- [ RunTime:0.073144s ]
INFO: [ view_filter ] --START--
INFO: Run Behavior\WriteHtmlCacheBehavior [ RunTime:0.002351s ]
INFO: [ view_filter ] --END-- [ RunTime:0.002942s ]
INFO: [ app_end ] --START--
INFO: Run Behavior\ShowPageTraceBehavior [ RunTime:0.003248s ]
INFO: [ app_end ] --END-- [ RunTime:0.005343s ]

[ 2017-05-24T18:33:41+08:00 ] 127.0.0.1 /arms/index.php?m=admin&c=index&a=hzcx
INFO: [ app_init ] --START--
INFO: Run Behavior\BuildLiteBehavior [ RunTime:0.000245s ]
INFO: [ app_init ] --END-- [ RunTime:0.002787s ]
INFO: [ app_begin ] --START--
INFO: Run Behavior\ReadHtmlCacheBehavior [ RunTime:0.002619s ]
INFO: [ app_begin ] --END-- [ RunTime:0.003148s ]
SQL: SHOW COLUMNS FROM `patient` [ RunTime:0.0266s ]
SQL: SHOW COLUMNS FROM `patient` [ RunTime:0.0267s ]
SQL: SELECT * FROM `patient` WHERE `birthyear` = 1995  [ RunTime:0.0021s ]
NOTIC: [8] Undefined offset: 0 D:\wamp\www\arms\Application\Admin\Controller\IndexController.class.php 第 80 行.
INFO: [ view_parse ] --START--
INFO: [ template_filter ] --START--
INFO: Run Behavior\ContentReplaceBehavior [ RunTime:0.000405s ]
INFO: [ template_filter ] --END-- [ RunTime:0.001001s ]
INFO: Run Behavior\ParseTemplateBehavior [ RunTime:0.056079s ]
INFO: [ view_parse ] --END-- [ RunTime:0.056526s ]
INFO: [ view_filter ] --START--
INFO: Run Behavior\WriteHtmlCacheBehavior [ RunTime:0.001424s ]
INFO: [ view_filter ] --END-- [ RunTime:0.001802s ]
INFO: [ app_end ] --START--
INFO: Run Behavior\ShowPageTraceBehavior [ RunTime:0.002563s ]
INFO: [ app_end ] --END-- [ RunTime:0.003576s ]

[ 2017-05-24T18:35:55+08:00 ] 127.0.0.1 /arms/index.php?m=admin&c=index&a=hzcx
INFO: [ app_init ] --START--
INFO: Run Behavior\BuildLiteBehavior [ RunTime:0.000104s ]
INFO: [ app_init ] --END-- [ RunTime:0.001980s ]
INFO: [ app_begin ] --START--
INFO: Run Behavior\ReadHtmlCacheBehavior [ RunTime:0.003938s ]
INFO: [ app_begin ] --END-- [ RunTime:0.004842s ]

[ 2017-05-24T18:40:15+08:00 ] 127.0.0.1 /arms/index.php?m=admin&c=index&a=hzcx
INFO: [ app_init ] --START--
INFO: Run Behavior\BuildLiteBehavior [ RunTime:0.000156s ]
INFO: [ app_init ] --END-- [ RunTime:0.002060s ]
INFO: [ app_begin ] --START--
INFO: Run Behavior\ReadHtmlCacheBehavior [ RunTime:0.002571s ]
INFO: [ app_begin ] --END-- [ RunTime:0.003043s ]

[ 2017-05-24T18:40:38+08:00 ] 127.0.0.1 /arms/index.php?m=admin&c=index&a=hzcx
INFO: [ app_init ] --START--
INFO: Run Behavior\BuildLiteBehavior [ RunTime:0.000091s ]
INFO: [ app_init ] --END-- [ RunTime:0.001715s ]
INFO: [ app_begin ] --START--
INFO: Run Behavior\ReadHtmlCacheBehavior [ RunTime:0.003684s ]
INFO: [ app_begin ] --END-- [ RunTime:0.004312s ]
SQL: SHOW COLUMNS FROM `patient` [ RunTime:0.0290s ]
SQL: SHOW COLUMNS FROM `patient` [ RunTime:0.0326s ]
SQL: SELECT * FROM `patient` WHERE `birthyear` = 1995  [ RunTime:0.0013s ]
NOTIC: [8] Undefined offset: 0 D:\wamp\www\arms\Application\Admin\Controller\IndexController.class.php 第 80 行.
INFO: [ view_parse ] --START--
INFO: [ template_filter ] --START--
INFO: Run Behavior\ContentReplaceBehavior [ RunTime:0.000282s ]
INFO: [ template_filter ] --END-- [ RunTime:0.000692s ]
INFO: Run Behavior\ParseTemplateBehavior [ RunTime:0.039178s ]
INFO: [ view_parse ] --END-- [ RunTime:0.039602s ]
INFO: [ view_filter ] --START--
INFO: Run Behavior\WriteHtmlCacheBehavior [ RunTime:0.001700s ]
INFO: [ view_filter ] --END-- [ RunTime:0.002137s ]
INFO: [ app_end ] --START--
INFO: Run Behavior\ShowPageTraceBehavior [ RunTime:0.002583s ]
INFO: [ app_end ] --END-- [ RunTime:0.002974s ]

[ 2017-05-24T18:42:00+08:00 ] 127.0.0.1 /arms/index.php?m=admin&c=index&a=hzcx
INFO: [ app_init ] --START--
INFO: Run Behavior\BuildLiteBehavior [ RunTime:0.000098s ]
INFO: [ app_init ] --END-- [ RunTime:0.002059s ]
INFO: [ app_begin ] --START--
INFO: Run Behavior\ReadHtmlCacheBehavior [ RunTime:0.002767s ]
INFO: [ app_begin ] --END-- [ RunTime:0.003300s ]
SQL: SHOW COLUMNS FROM `patient` [ RunTime:0.1032s ]
SQL: SHOW COLUMNS FROM `patient` [ RunTime:0.0251s ]
SQL: SELECT * FROM `patient` WHERE `birthyear` = 1995  [ RunTime:0.0025s ]
NOTIC: [8] Undefined offset: 0 D:\wamp\www\arms\Application\Admin\Controller\IndexController.class.php 第 80 行.
INFO: [ view_parse ] --START--
INFO: [ template_filter ] --START--
INFO: Run Behavior\ContentReplaceBehavior [ RunTime:0.000317s ]
INFO: [ template_filter ] --END-- [ RunTime:0.000888s ]
INFO: Run Behavior\ParseTemplateBehavior [ RunTime:0.031107s ]
INFO: [ view_parse ] --END-- [ RunTime:0.031576s ]
INFO: [ view_filter ] --START--
INFO: Run Behavior\WriteHtmlCacheBehavior [ RunTime:0.001728s ]
INFO: [ view_filter ] --END-- [ RunTime:0.002112s ]
INFO: [ app_end ] --START--
INFO: Run Behavior\ShowPageTraceBehavior [ RunTime:0.002608s ]
INFO: [ app_end ] --END-- [ RunTime:0.002999s ]

[ 2017-05-24T18:42:11+08:00 ] 127.0.0.1 /arms/index.php?m=admin&c=index&a=hzgl
INFO: [ app_init ] --START--
INFO: Run Behavior\BuildLiteBehavior [ RunTime:0.000099s ]
INFO: [ app_init ] --END-- [ RunTime:0.002463s ]
INFO: [ app_begin ] --START--
INFO: Run Behavior\ReadHtmlCacheBehavior [ RunTime:0.002557s ]
INFO: [ app_begin ] --END-- [ RunTime:0.003080s ]
INFO: [ view_parse ] --START--
INFO: [ template_filter ] --START--
INFO: Run Behavior\ContentReplaceBehavior [ RunTime:0.000236s ]
INFO: [ template_filter ] --END-- [ RunTime:0.000853s ]
INFO: Run Behavior\ParseTemplateBehavior [ RunTime:0.045728s ]
INFO: [ view_parse ] --END-- [ RunTime:0.046362s ]
INFO: [ view_filter ] --START--
INFO: Run Behavior\WriteHtmlCacheBehavior [ RunTime:0.002306s ]
INFO: [ view_filter ] --END-- [ RunTime:0.002888s ]

[ 2017-05-24T18:42:35+08:00 ] 127.0.0.1 /arms/index.php?m=admin&c=index&a=hzgl
INFO: [ app_init ] --START--
INFO: Run Behavior\BuildLiteBehavior [ RunTime:0.000149s ]
INFO: [ app_init ] --END-- [ RunTime:0.002470s ]
INFO: [ app_begin ] --START--
INFO: Run Behavior\ReadHtmlCacheBehavior [ RunTime:0.002642s ]
INFO: [ app_begin ] --END-- [ RunTime:0.003088s ]
INFO: [ view_parse ] --START--
INFO: [ template_filter ] --START--
INFO: Run Behavior\ContentReplaceBehavior [ RunTime:0.000209s ]
INFO: [ template_filter ] --END-- [ RunTime:0.000625s ]
INFO: Run Behavior\ParseTemplateBehavior [ RunTime:0.030018s ]
INFO: [ view_parse ] --END-- [ RunTime:0.030438s ]
INFO: [ view_filter ] --START--
INFO: Run Behavior\WriteHtmlCacheBehavior [ RunTime:0.002114s ]
INFO: [ view_filter ] --END-- [ RunTime:0.002504s ]

[ 2017-05-24T18:47:27+08:00 ] 127.0.0.1 /arms/index.php?m=admin&c=index&a=hzgl
INFO: [ app_init ] --START--
INFO: Run Behavior\BuildLiteBehavior [ RunTime:0.000098s ]
INFO: [ app_init ] --END-- [ RunTime:0.001764s ]
INFO: [ app_begin ] --START--
INFO: Run Behavior\ReadHtmlCacheBehavior [ RunTime:0.002943s ]
INFO: [ app_begin ] --END-- [ RunTime:0.003413s ]
INFO: [ view_parse ] --START--
INFO: [ template_filter ] --START--
INFO: Run Behavior\ContentReplaceBehavior [ RunTime:0.000220s ]
INFO: [ template_filter ] --END-- [ RunTime:0.000633s ]
INFO: Run Behavior\ParseTemplateBehavior [ RunTime:0.029854s ]
INFO: [ view_parse ] --END-- [ RunTime:0.030585s ]
INFO: [ view_filter ] --START--
INFO: Run Behavior\WriteHtmlCacheBehavior [ RunTime:0.001729s ]
INFO: [ view_filter ] --END-- [ RunTime:0.002110s ]

[ 2017-05-24T18:50:44+08:00 ] 127.0.0.1 /arms/index.php?m=admin&c=index&a=hzcx
INFO: [ app_init ] --START--
INFO: Run Behavior\BuildLiteBehavior [ RunTime:0.000101s ]
INFO: [ app_init ] --END-- [ RunTime:0.001772s ]
INFO: [ app_begin ] --START--
INFO: Run Behavior\ReadHtmlCacheBehavior [ RunTime:0.004022s ]
INFO: [ app_begin ] --END-- [ RunTime:0.004526s ]
SQL: SHOW COLUMNS FROM `patient` [ RunTime:0.0709s ]
SQL: SHOW COLUMNS FROM `patient` [ RunTime:0.0923s ]
SQL: SELECT * FROM `patient` WHERE `birthyear` = 1995  [ RunTime:0.0011s ]
NOTIC: [8] Undefined offset: 0 D:\wamp\www\arms\Application\Admin\Controller\IndexController.class.php 第 80 行.
INFO: [ view_parse ] --START--
INFO: [ template_filter ] --START--
INFO: Run Behavior\ContentReplaceBehavior [ RunTime:0.000289s ]
INFO: [ template_filter ] --END-- [ RunTime:0.000736s ]
INFO: Run Behavior\ParseTemplateBehavior [ RunTime:0.032939s ]
INFO: [ view_parse ] --END-- [ RunTime:0.033367s ]
INFO: [ view_filter ] --START--
INFO: Run Behavior\WriteHtmlCacheBehavior [ RunTime:0.001707s ]
INFO: [ view_filter ] --END-- [ RunTime:0.002093s ]
INFO: [ app_end ] --START--
INFO: Run Behavior\ShowPageTraceBehavior [ RunTime:0.004196s ]
INFO: [ app_end ] --END-- [ RunTime:0.004661s ]

[ 2017-05-24T18:51:03+08:00 ] 127.0.0.1 /arms/index.php?m=admin&c=index&a=hzcx
INFO: [ app_init ] --START--
INFO: Run Behavior\BuildLiteBehavior [ RunTime:0.000105s ]
INFO: [ app_init ] --END-- [ RunTime:0.002669s ]
INFO: [ app_begin ] --START--
INFO: Run Behavior\ReadHtmlCacheBehavior [ RunTime:0.005325s ]
INFO: [ app_begin ] --END-- [ RunTime:0.005928s ]
SQL: SHOW COLUMNS FROM `patient` [ RunTime:0.0280s ]
SQL: SHOW COLUMNS FROM `patient` [ RunTime:0.0284s ]
SQL: SELECT * FROM `patient` WHERE `birthyear` = 1995  [ RunTime:0.0015s ]
NOTIC: [8] Undefined offset: 0 D:\wamp\www\arms\Application\Admin\Controller\IndexController.class.php 第 80 行.
INFO: [ view_parse ] --START--
INFO: [ template_filter ] --START--
INFO: Run Behavior\ContentReplaceBehavior [ RunTime:0.000291s ]
INFO: [ template_filter ] --END-- [ RunTime:0.000708s ]
INFO: Run Behavior\ParseTemplateBehavior [ RunTime:0.032770s ]
INFO: [ view_parse ] --END-- [ RunTime:0.033215s ]
INFO: [ view_filter ] --START--
INFO: Run Behavior\WriteHtmlCacheBehavior [ RunTime:0.001702s ]
INFO: [ view_filter ] --END-- [ RunTime:0.002084s ]
INFO: [ app_end ] --START--
INFO: Run Behavior\ShowPageTraceBehavior [ RunTime:0.002583s ]
INFO: [ app_end ] --END-- [ RunTime:0.003028s ]

[ 2017-05-24T18:51:15+08:00 ] 127.0.0.1 /arms/index.php?m=admin&c=index&a=hzcx
INFO: [ app_init ] --START--
INFO: Run Behavior\BuildLiteBehavior [ RunTime:0.000158s ]
INFO: [ app_init ] --END-- [ RunTime:0.002104s ]
INFO: [ app_begin ] --START--
INFO: Run Behavior\ReadHtmlCacheBehavior [ RunTime:0.002618s ]
INFO: [ app_begin ] --END-- [ RunTime:0.003089s ]
SQL: SHOW COLUMNS FROM `patient` [ RunTime:0.0358s ]
SQL: SHOW COLUMNS FROM `patient` [ RunTime:0.0297s ]
SQL: SELECT * FROM `patient` WHERE `birthyear` = 1995  [ RunTime:0.0026s ]
NOTIC: [8] Undefined offset: 0 D:\wamp\www\arms\Application\Admin\Controller\IndexController.class.php 第 80 行.
INFO: [ view_parse ] --START--
INFO: [ template_filter ] --START--
INFO: Run Behavior\ContentReplaceBehavior [ RunTime:0.000301s ]
INFO: [ template_filter ] --END-- [ RunTime:0.000758s ]
INFO: Run Behavior\ParseTemplateBehavior [ RunTime:0.031368s ]
INFO: [ view_parse ] --END-- [ RunTime:0.031801s ]
INFO: [ view_filter ] --START--
INFO: Run Behavior\WriteHtmlCacheBehavior [ RunTime:0.002671s ]
INFO: [ view_filter ] --END-- [ RunTime:0.003077s ]
INFO: [ app_end ] --START--
INFO: Run Behavior\ShowPageTraceBehavior [ RunTime:0.002724s ]
INFO: [ app_end ] --END-- [ RunTime:0.003118s ]

[ 2017-05-24T18:51:56+08:00 ] 127.0.0.1 /arms/index.php?m=admin&c=index&a=hzcx
INFO: [ app_init ] --START--
INFO: Run Behavior\BuildLiteBehavior [ RunTime:0.000125s ]
INFO: [ app_init ] --END-- [ RunTime:0.002254s ]
INFO: [ app_begin ] --START--
INFO: Run Behavior\ReadHtmlCacheBehavior [ RunTime:0.003145s ]
INFO: [ app_begin ] --END-- [ RunTime:0.004094s ]
SQL: SHOW COLUMNS FROM `patient` [ RunTime:0.0334s ]
SQL: SHOW COLUMNS FROM `patient` [ RunTime:0.0316s ]
SQL: SELECT * FROM `patient` WHERE `birthyear` = 1995  [ RunTime:0.0013s ]
NOTIC: [8] Undefined offset: 0 D:\wamp\www\arms\Application\Admin\Controller\IndexController.class.php 第 80 行.
INFO: [ view_parse ] --START--
INFO: [ template_filter ] --START--
INFO: Run Behavior\ContentReplaceBehavior [ RunTime:0.000399s ]
INFO: [ template_filter ] --END-- [ RunTime:0.000919s ]
INFO: Run Behavior\ParseTemplateBehavior [ RunTime:0.033935s ]
INFO: [ view_parse ] --END-- [ RunTime:0.034412s ]
INFO: [ view_filter ] --START--
INFO: Run Behavior\WriteHtmlCacheBehavior [ RunTime:0.002630s ]
INFO: [ view_filter ] --END-- [ RunTime:0.003475s ]
INFO: [ app_end ] --START--
INFO: Run Behavior\ShowPageTraceBehavior [ RunTime:0.003176s ]
INFO: [ app_end ] --END-- [ RunTime:0.003602s ]

[ 2017-05-24T18:52:37+08:00 ] 127.0.0.1 /arms/index.php?m=admin&c=index&a=hzcx
INFO: [ app_init ] --START--
INFO: Run Behavior\BuildLiteBehavior [ RunTime:0.000176s ]
INFO: [ app_init ] --END-- [ RunTime:0.005921s ]
INFO: [ app_begin ] --START--
INFO: Run Behavior\ReadHtmlCacheBehavior [ RunTime:0.002495s ]
INFO: [ app_begin ] --END-- [ RunTime:0.002960s ]
SQL: SHOW COLUMNS FROM `patient` [ RunTime:0.0309s ]
SQL: SHOW COLUMNS FROM `patient` [ RunTime:0.0283s ]
SQL: SELECT * FROM `patient` WHERE `birthyear` = 1995  [ RunTime:0.0018s ]
NOTIC: [8] Undefined offset: 0 D:\wamp\www\arms\Application\Admin\Controller\IndexController.class.php 第 80 行.
INFO: [ view_parse ] --START--
INFO: [ template_filter ] --START--
INFO: Run Behavior\ContentReplaceBehavior [ RunTime:0.000280s ]
INFO: [ template_filter ] --END-- [ RunTime:0.000694s ]
INFO: Run Behavior\ParseTemplateBehavior [ RunTime:0.033661s ]
INFO: [ view_parse ] --END-- [ RunTime:0.034138s ]
INFO: [ view_filter ] --START--
INFO: Run Behavior\WriteHtmlCacheBehavior [ RunTime:0.002342s ]
INFO: [ view_filter ] --END-- [ RunTime:0.002821s ]
INFO: [ app_end ] --START--
INFO: Run Behavior\ShowPageTraceBehavior [ RunTime:0.002968s ]
INFO: [ app_end ] --END-- [ RunTime:0.003516s ]

[ 2017-05-24T18:54:46+08:00 ] 127.0.0.1 /arms/index.php?m=admin&c=index&a=hzgl
INFO: [ app_init ] --START--
INFO: Run Behavior\BuildLiteBehavior [ RunTime:0.000098s ]
INFO: [ app_init ] --END-- [ RunTime:0.001789s ]
INFO: [ app_begin ] --START--
INFO: Run Behavior\ReadHtmlCacheBehavior [ RunTime:0.003100s ]
INFO: [ app_begin ] --END-- [ RunTime:0.003576s ]
INFO: [ view_parse ] --START--
INFO: [ template_filter ] --START--
INFO: Run Behavior\ContentReplaceBehavior [ RunTime:0.000216s ]
INFO: [ template_filter ] --END-- [ RunTime:0.000622s ]
INFO: Run Behavior\ParseTemplateBehavior [ RunTime:0.027331s ]
INFO: [ view_parse ] --END-- [ RunTime:0.027757s ]
INFO: [ view_filter ] --START--
INFO: Run Behavior\WriteHtmlCacheBehavior [ RunTime:0.001782s ]
INFO: [ view_filter ] --END-- [ RunTime:0.002159s ]

[ 2017-05-24T19:00:05+08:00 ] 127.0.0.1 /arms/index.php?m=admin&c=index&a=hzcx
INFO: [ app_init ] --START--
INFO: Run Behavior\BuildLiteBehavior [ RunTime:0.000111s ]
INFO: [ app_init ] --END-- [ RunTime:0.004267s ]
INFO: [ app_begin ] --START--
INFO: Run Behavior\ReadHtmlCacheBehavior [ RunTime:0.002790s ]
INFO: [ app_begin ] --END-- [ RunTime:0.003271s ]
SQL: SHOW COLUMNS FROM `patient` [ RunTime:0.0334s ]
SQL: SHOW COLUMNS FROM `patient` [ RunTime:0.0316s ]
SQL: SELECT * FROM `patient` WHERE `birthyear` = 1995  [ RunTime:0.0023s ]
NOTIC: [8] Undefined offset: 0 D:\wamp\www\arms\Application\Admin\Controller\IndexController.class.php 第 80 行.
INFO: [ view_parse ] --START--
INFO: [ template_filter ] --START--
INFO: Run Behavior\ContentReplaceBehavior [ RunTime:0.000292s ]
INFO: [ template_filter ] --END-- [ RunTime:0.000773s ]
INFO: Run Behavior\ParseTemplateBehavior [ RunTime:0.033184s ]
INFO: [ view_parse ] --END-- [ RunTime:0.033646s ]
INFO: [ view_filter ] --START--
INFO: Run Behavior\WriteHtmlCacheBehavior [ RunTime:0.001755s ]
INFO: [ view_filter ] --END-- [ RunTime:0.002158s ]
INFO: [ app_end ] --START--
INFO: Run Behavior\ShowPageTraceBehavior [ RunTime:0.005184s ]
INFO: [ app_end ] --END-- [ RunTime:0.005613s ]

[ 2017-05-24T19:00:07+08:00 ] 127.0.0.1 /arms/index.php?m=admin&c=index&a=hzgl
INFO: [ app_init ] --START--
INFO: Run Behavior\BuildLiteBehavior [ RunTime:0.000100s ]
INFO: [ app_init ] --END-- [ RunTime:0.002337s ]
INFO: [ app_begin ] --START--
INFO: Run Behavior\ReadHtmlCacheBehavior [ RunTime:0.002507s ]
INFO: [ app_begin ] --END-- [ RunTime:0.003023s ]
INFO: [ view_parse ] --START--
INFO: [ template_filter ] --START--
INFO: Run Behavior\ContentReplaceBehavior [ RunTime:0.000210s ]
INFO: [ template_filter ] --END-- [ RunTime:0.000612s ]
INFO: Run Behavior\ParseTemplateBehavior [ RunTime:0.029188s ]
INFO: [ view_parse ] --END-- [ RunTime:0.029838s ]
INFO: [ view_filter ] --START--
INFO: Run Behavior\WriteHtmlCacheBehavior [ RunTime:0.001743s ]
INFO: [ view_filter ] --END-- [ RunTime:0.002121s ]

[ 2017-05-24T19:00:39+08:00 ] 127.0.0.1 /arms/index.php?m=admin&c=index&a=hzcx
INFO: [ app_init ] --START--
INFO: Run Behavior\BuildLiteBehavior [ RunTime:0.000099s ]
INFO: [ app_init ] --END-- [ RunTime:0.001775s ]
INFO: [ app_begin ] --START--
INFO: Run Behavior\ReadHtmlCacheBehavior [ RunTime:0.003737s ]
INFO: [ app_begin ] --END-- [ RunTime:0.004476s ]
SQL: SHOW COLUMNS FROM `patient` [ RunTime:0.0355s ]
SQL: SHOW COLUMNS FROM `patient` [ RunTime:0.0306s ]
SQL: SELECT * FROM `patient` WHERE `birthyear` = 1995  [ RunTime:0.0025s ]
NOTIC: [8] Undefined offset: 0 D:\wamp\www\arms\Application\Admin\Controller\IndexController.class.php 第 80 行.
INFO: [ view_parse ] --START--
INFO: [ template_filter ] --START--
INFO: Run Behavior\ContentReplaceBehavior [ RunTime:0.000396s ]
INFO: [ template_filter ] --END-- [ RunTime:0.000985s ]
INFO: Run Behavior\ParseTemplateBehavior [ RunTime:0.037204s ]
INFO: [ view_parse ] --END-- [ RunTime:0.037822s ]
INFO: [ view_filter ] --START--
INFO: Run Behavior\WriteHtmlCacheBehavior [ RunTime:0.002057s ]
INFO: [ view_filter ] --END-- [ RunTime:0.002445s ]
INFO: [ app_end ] --START--
INFO: Run Behavior\ShowPageTraceBehavior [ RunTime:0.002950s ]
INFO: [ app_end ] --END-- [ RunTime:0.003386s ]

[ 2017-05-24T19:00:40+08:00 ] 127.0.0.1 /arms/index.php?m=admin&c=index&a=hzgl
INFO: [ app_init ] --START--
INFO: Run Behavior\BuildLiteBehavior [ RunTime:0.000098s ]
INFO: [ app_init ] --END-- [ RunTime:0.001760s ]
INFO: [ app_begin ] --START--
INFO: Run Behavior\ReadHtmlCacheBehavior [ RunTime:0.003302s ]
INFO: [ app_begin ] --END-- [ RunTime:0.004211s ]
SQL: SHOW COLUMNS FROM `patient` [ RunTime:0.0252s ]
SQL: SHOW COLUMNS FROM `reimbursementcategory` [ RunTime:0.0468s ]
SQL: SELECT * FROM `reimbursementcategory` WHERE `reimbursementcategorycontent` = '省本级医保'  [ RunTime:0.0009s ]
SQL: INSERT INTO `patient` (`patientid`,`name`,`sex`,`birthyear`,`birthmonth`,`birthday`,`idnumber`,`address`,`mobilephonenumber`,`phonenumber`,`wechatnumber`,`medicalhistory1`,`previoushistory1`,`familyhistory1`,`reimbursementcategory`) VALUES ('','','男','1999','1','1','','','','','','','','','1') [ RunTime:0.0058s ]
INFO: [ view_parse ] --START--
INFO: [ template_filter ] --START--
INFO: Run Behavior\ContentReplaceBehavior [ RunTime:0.000242s ]
INFO: [ template_filter ] --END-- [ RunTime:0.000677s ]
INFO: Run Behavior\ParseTemplateBehavior [ RunTime:0.028461s ]
INFO: [ view_parse ] --END-- [ RunTime:0.028939s ]
INFO: [ view_filter ] --START--
INFO: Run Behavior\WriteHtmlCacheBehavior [ RunTime:0.001918s ]
INFO: [ view_filter ] --END-- [ RunTime:0.002315s ]
INFO: [ app_end ] --START--
INFO: Run Behavior\ShowPageTraceBehavior [ RunTime:0.003524s ]
INFO: [ app_end ] --END-- [ RunTime:0.003968s ]

[ 2017-05-24T19:23:32+08:00 ] 127.0.0.1 /arms/index.php?m=admin&c=index&a=hzcx
INFO: [ app_init ] --START--
INFO: Run Behavior\BuildLiteBehavior [ RunTime:0.000129s ]
INFO: [ app_init ] --END-- [ RunTime:0.002256s ]
INFO: [ app_begin ] --START--
INFO: Run Behavior\ReadHtmlCacheBehavior [ RunTime:0.003594s ]
INFO: [ app_begin ] --END-- [ RunTime:0.004266s ]
SQL: SHOW COLUMNS FROM `patient` [ RunTime:0.0308s ]
SQL: SHOW COLUMNS FROM `patient` [ RunTime:0.0268s ]
SQL: SELECT * FROM `patient` WHERE `birthyear` = 1995  [ RunTime:0.0012s ]
NOTIC: [8] Undefined offset: 0 D:\wamp\www\arms\Application\Admin\Controller\IndexController.class.php 第 80 行.
INFO: [ view_parse ] --START--
INFO: [ template_filter ] --START--
INFO: Run Behavior\ContentReplaceBehavior [ RunTime:0.000338s ]
INFO: [ template_filter ] --END-- [ RunTime:0.000819s ]
INFO: Run Behavior\ParseTemplateBehavior [ RunTime:0.031102s ]
INFO: [ view_parse ] --END-- [ RunTime:0.031585s ]
INFO: [ view_filter ] --START--
INFO: Run Behavior\WriteHtmlCacheBehavior [ RunTime:0.002128s ]
INFO: [ view_filter ] --END-- [ RunTime:0.002604s ]
INFO: [ app_end ] --START--
INFO: Run Behavior\ShowPageTraceBehavior [ RunTime:0.004139s ]
INFO: [ app_end ] --END-- [ RunTime:0.004725s ]

[ 2017-05-24T19:24:38+08:00 ] 127.0.0.1 /arms/index.php?m=admin&c=index&a=hzgl
INFO: [ app_init ] --START--
INFO: Run Behavior\BuildLiteBehavior [ RunTime:0.000094s ]
INFO: [ app_init ] --END-- [ RunTime:0.001847s ]
INFO: [ app_begin ] --START--
INFO: Run Behavior\ReadHtmlCacheBehavior [ RunTime:0.003007s ]
INFO: [ app_begin ] --END-- [ RunTime:0.003465s ]
SQL: SHOW COLUMNS FROM `patient` [ RunTime:0.0305s ]
SQL: SHOW COLUMNS FROM `reimbursementcategory` [ RunTime:0.0251s ]
SQL: SELECT * FROM `reimbursementcategory` WHERE `reimbursementcategorycontent` = '省本级医保'  [ RunTime:0.0015s ]
SQL: INSERT INTO `patient` (`patientid`,`name`,`sex`,`birthyear`,`birthmonth`,`birthday`,`idnumber`,`address`,`mobilephonenumber`,`phonenumber`,`wechatnumber`,`medicalhistory1`,`previoushistory1`,`familyhistory1`,`reimbursementcategory`) VALUES ('111111','cp','男','1999','1','1','111111','','18843114730','','','','','','1') [ RunTime:0.0056s ]
INFO: [ view_parse ] --START--
INFO: [ template_filter ] --START--
INFO: Run Behavior\ContentReplaceBehavior [ RunTime:0.000251s ]
INFO: [ template_filter ] --END-- [ RunTime:0.000664s ]
INFO: Run Behavior\ParseTemplateBehavior [ RunTime:0.029749s ]
INFO: [ view_parse ] --END-- [ RunTime:0.030231s ]
INFO: [ view_filter ] --START--
INFO: Run Behavior\WriteHtmlCacheBehavior [ RunTime:0.001526s ]
INFO: [ view_filter ] --END-- [ RunTime:0.001913s ]
INFO: [ app_end ] --START--
INFO: Run Behavior\ShowPageTraceBehavior [ RunTime:0.002699s ]
INFO: [ app_end ] --END-- [ RunTime:0.003221s ]

[ 2017-05-24T19:24:45+08:00 ] 127.0.0.1 /arms/index.php?m=admin&c=index&a=hzgl1
INFO: [ app_init ] --START--
INFO: Run Behavior\BuildLiteBehavior [ RunTime:0.000093s ]
INFO: [ app_init ] --END-- [ RunTime:0.002729s ]
INFO: [ app_begin ] --START--
INFO: Run Behavior\ReadHtmlCacheBehavior [ RunTime:0.002624s ]
INFO: [ app_begin ] --END-- [ RunTime:0.003259s ]
SQL: SHOW COLUMNS FROM `treatment` [ RunTime:0.0269s ]
SQL: INSERT INTO `treatment` (`patientid`,`doctorid`,`diagnosis1`,`treatmentplan1`,`diseaseassessment1`,`medicaltime`) VALUES ('111111','admin','12345','2234355','asdfgh','2017-05-24') [ RunTime:0.0043s ]
INFO: [ view_parse ] --START--
INFO: [ template_filter ] --START--
INFO: Run Behavior\ContentReplaceBehavior [ RunTime:0.000287s ]
INFO: [ template_filter ] --END-- [ RunTime:0.000738s ]
INFO: Run Behavior\ParseTemplateBehavior [ RunTime:0.053345s ]
INFO: [ view_parse ] --END-- [ RunTime:0.054420s ]
INFO: [ view_filter ] --START--
INFO: Run Behavior\WriteHtmlCacheBehavior [ RunTime:0.001533s ]
INFO: [ view_filter ] --END-- [ RunTime:0.001917s ]
INFO: [ app_end ] --START--
INFO: Run Behavior\ShowPageTraceBehavior [ RunTime:0.002850s ]
INFO: [ app_end ] --END-- [ RunTime:0.003576s ]

[ 2017-05-24T19:24:55+08:00 ] 127.0.0.1 /arms/index.php?m=admin&c=index&a=hzgl2
INFO: [ app_init ] --START--
INFO: Run Behavior\BuildLiteBehavior [ RunTime:0.000098s ]
INFO: [ app_init ] --END-- [ RunTime:0.002541s ]
INFO: [ app_begin ] --START--
INFO: Run Behavior\ReadHtmlCacheBehavior [ RunTime:0.002939s ]
INFO: [ app_begin ] --END-- [ RunTime:0.003481s ]
SQL: SHOW COLUMNS FROM `visit` [ RunTime:0.0266s ]
SQL: INSERT INTO `visit` (`treatmentid`,`visittime`,`visitproject`) VALUES ('40','2017-5-25','qqq') [ RunTime:0.0042s ]
INFO: [ view_parse ] --START--
INFO: [ template_filter ] --START--
INFO: Run Behavior\ContentReplaceBehavior [ RunTime:0.000298s ]
INFO: [ template_filter ] --END-- [ RunTime:0.000954s ]
INFO: Run Behavior\ParseTemplateBehavior [ RunTime:0.109393s ]
INFO: [ view_parse ] --END-- [ RunTime:0.109949s ]
INFO: [ view_filter ] --START--
INFO: Run Behavior\WriteHtmlCacheBehavior [ RunTime:0.002059s ]
INFO: [ view_filter ] --END-- [ RunTime:0.002586s ]
INFO: [ app_end ] --START--
INFO: Run Behavior\ShowPageTraceBehavior [ RunTime:0.002900s ]
INFO: [ app_end ] --END-- [ RunTime:0.003424s ]

[ 2017-05-24T19:25:19+08:00 ] 127.0.0.1 /arms/index.php?m=admin&c=time&a=check
INFO: [ app_init ] --START--
INFO: Run Behavior\BuildLiteBehavior [ RunTime:0.000098s ]
INFO: [ app_init ] --END-- [ RunTime:0.001915s ]
INFO: [ app_begin ] --START--
INFO: Run Behavior\ReadHtmlCacheBehavior [ RunTime:0.002872s ]
INFO: [ app_begin ] --END-- [ RunTime:0.003417s ]

[ 2017-05-24T19:28:17+08:00 ] 127.0.0.1 /arms/index.php?m=admin&c=time&a=check
INFO: [ app_init ] --START--
INFO: Run Behavior\BuildLiteBehavior [ RunTime:0.000100s ]
INFO: [ app_init ] --END-- [ RunTime:0.001984s ]
INFO: [ app_begin ] --START--
INFO: Run Behavior\ReadHtmlCacheBehavior [ RunTime:0.003027s ]
INFO: [ app_begin ] --END-- [ RunTime:0.003655s ]

[ 2017-05-24T19:28:28+08:00 ] 127.0.0.1 /arms/index.php?m=admin&c=time&a=check
INFO: [ app_init ] --START--
INFO: Run Behavior\BuildLiteBehavior [ RunTime:0.000101s ]
INFO: [ app_init ] --END-- [ RunTime:0.001969s ]
INFO: [ app_begin ] --START--
INFO: Run Behavior\ReadHtmlCacheBehavior [ RunTime:0.002665s ]
INFO: [ app_begin ] --END-- [ RunTime:0.003105s ]

[ 2017-05-24T19:28:38+08:00 ] 127.0.0.1 /arms/index.php?m=admin&c=time&a=check
INFO: [ app_init ] --START--
INFO: Run Behavior\BuildLiteBehavior [ RunTime:0.000097s ]
INFO: [ app_init ] --END-- [ RunTime:0.002011s ]
INFO: [ app_begin ] --START--
INFO: Run Behavior\ReadHtmlCacheBehavior [ RunTime:0.003086s ]
INFO: [ app_begin ] --END-- [ RunTime:0.004385s ]

[ 2017-05-24T19:29:13+08:00 ] 127.0.0.1 /arms/index.php?m=admin&c=time&a=check
INFO: [ app_init ] --START--
INFO: Run Behavior\BuildLiteBehavior [ RunTime:0.000098s ]
INFO: [ app_init ] --END-- [ RunTime:0.002417s ]
INFO: [ app_begin ] --START--
INFO: Run Behavior\ReadHtmlCacheBehavior [ RunTime:0.002642s ]
INFO: [ app_begin ] --END-- [ RunTime:0.003364s ]

[ 2017-05-24T19:30:19+08:00 ] 127.0.0.1 /arms/index.php?m=admin&c=time&a=check
INFO: [ app_init ] --START--
INFO: Run Behavior\BuildLiteBehavior [ RunTime:0.000101s ]
INFO: [ app_init ] --END-- [ RunTime:0.002366s ]
INFO: [ app_begin ] --START--
INFO: Run Behavior\ReadHtmlCacheBehavior [ RunTime:0.003510s ]
INFO: [ app_begin ] --END-- [ RunTime:0.004863s ]

[ 2017-05-24T19:30:21+08:00 ] 127.0.0.1 /arms/index.php?m=admin&c=time&a=check
INFO: [ app_init ] --START--
INFO: Run Behavior\BuildLiteBehavior [ RunTime:0.000171s ]
INFO: [ app_init ] --END-- [ RunTime:0.002861s ]
INFO: [ app_begin ] --START--
INFO: Run Behavior\ReadHtmlCacheBehavior [ RunTime:0.002377s ]
INFO: [ app_begin ] --END-- [ RunTime:0.002835s ]

[ 2017-05-24T19:30:43+08:00 ] 127.0.0.1 /arms/index.php?m=admin&c=time&a=check
INFO: [ app_init ] --START--
INFO: Run Behavior\BuildLiteBehavior [ RunTime:0.000098s ]
INFO: [ app_init ] --END-- [ RunTime:0.002268s ]
INFO: [ app_begin ] --START--
INFO: Run Behavior\ReadHtmlCacheBehavior [ RunTime:0.002375s ]
INFO: [ app_begin ] --END-- [ RunTime:0.002883s ]
SQL: SHOW COLUMNS FROM `visit` [ RunTime:0.0278s ]
SQL: SHOW COLUMNS FROM `patient` [ RunTime:0.0319s ]
NOTIC: [8] Undefined variable: condition D:\wamp\www\arms\Application\Admin\Controller\TimeController.class.php 第 24 行.
SQL: SELECT * FROM patient as a INNER JOIN Treatment as b on b.patientid=a.idnumber INNER JOIN Visit as c on c.treatmentid=b.treatmentid   [ RunTime:0.0040s ]
INFO: [ app_end ] --START--
INFO: Run Behavior\ShowPageTraceBehavior [ RunTime:0.004551s ]
INFO: [ app_end ] --END-- [ RunTime:0.005155s ]

[ 2017-05-24T19:32:56+08:00 ] 127.0.0.1 /arms/index.php?m=admin&c=time&a=check
INFO: [ app_init ] --START--
INFO: Run Behavior\BuildLiteBehavior [ RunTime:0.000094s ]
INFO: [ app_init ] --END-- [ RunTime:0.001754s ]
INFO: [ app_begin ] --START--
INFO: Run Behavior\ReadHtmlCacheBehavior [ RunTime:0.003143s ]
INFO: [ app_begin ] --END-- [ RunTime:0.003647s ]
SQL: SHOW COLUMNS FROM `visit` [ RunTime:0.0277s ]
SQL: SHOW COLUMNS FROM `patient` [ RunTime:0.0249s ]
NOTIC: [8] Undefined variable: condition D:\wamp\www\arms\Application\Admin\Controller\TimeController.class.php 第 24 行.
SQL: SELECT * FROM patient as a INNER JOIN Treatment as b on b.patientid=a.idnumber INNER JOIN Visit as c on c.treatmentid=b.treatmentid   [ RunTime:0.0037s ]
INFO: [ app_end ] --START--
INFO: Run Behavior\ShowPageTraceBehavior [ RunTime:0.003348s ]
INFO: [ app_end ] --END-- [ RunTime:0.003969s ]

[ 2017-05-24T19:33:27+08:00 ] 127.0.0.1 /arms/index.php?m=admin&c=time&a=check
INFO: [ app_init ] --START--
INFO: Run Behavior\BuildLiteBehavior [ RunTime:0.000104s ]
INFO: [ app_init ] --END-- [ RunTime:0.001727s ]
INFO: [ app_begin ] --START--
INFO: Run Behavior\ReadHtmlCacheBehavior [ RunTime:0.003752s ]
INFO: [ app_begin ] --END-- [ RunTime:0.004537s ]
SQL: SHOW COLUMNS FROM `visit` [ RunTime:0.0242s ]
SQL: SHOW COLUMNS FROM `patient` [ RunTime:0.0260s ]
NOTIC: [8] Undefined variable: condition D:\wamp\www\arms\Application\Admin\Controller\TimeController.class.php 第 24 行.
SQL: SELECT * FROM patient as a INNER JOIN Treatment as b on b.patientid=a.idnumber INNER JOIN Visit as c on c.treatmentid=b.treatmentid   [ RunTime:0.0030s ]
INFO: [ app_end ] --START--
INFO: Run Behavior\ShowPageTraceBehavior [ RunTime:0.002634s ]
INFO: [ app_end ] --END-- [ RunTime:0.003051s ]

[ 2017-05-24T19:33:43+08:00 ] 127.0.0.1 /arms/index.php?m=admin&c=time&a=check
INFO: [ app_init ] --START--
INFO: Run Behavior\BuildLiteBehavior [ RunTime:0.000095s ]
INFO: [ app_init ] --END-- [ RunTime:0.001933s ]
INFO: [ app_begin ] --START--
INFO: Run Behavior\ReadHtmlCacheBehavior [ RunTime:0.003776s ]
INFO: [ app_begin ] --END-- [ RunTime:0.004263s ]
SQL: SHOW COLUMNS FROM `visit` [ RunTime:0.0294s ]
SQL: SHOW COLUMNS FROM `patient` [ RunTime:0.0331s ]
NOTIC: [8] Undefined variable: condition D:\wamp\www\arms\Application\Admin\Controller\TimeController.class.php 第 24 行.
SQL: SELECT * FROM patient as a INNER JOIN Treatment as b on b.patientid=a.idnumber INNER JOIN Visit as c on c.treatmentid=b.treatmentid   [ RunTime:0.0035s ]
INFO: [ app_end ] --START--
INFO: Run Behavior\ShowPageTraceBehavior [ RunTime:0.003098s ]
INFO: [ app_end ] --END-- [ RunTime:0.003666s ]

[ 2017-05-24T19:34:00+08:00 ] 127.0.0.1 /arms/index.php?m=admin&c=time&a=check
INFO: [ app_init ] --START--
INFO: Run Behavior\BuildLiteBehavior [ RunTime:0.000122s ]
INFO: [ app_init ] --END-- [ RunTime:0.002076s ]
INFO: [ app_begin ] --START--
INFO: Run Behavior\ReadHtmlCacheBehavior [ RunTime:0.003587s ]
INFO: [ app_begin ] --END-- [ RunTime:0.004215s ]
SQL: SHOW COLUMNS FROM `visit` [ RunTime:0.0276s ]
SQL: SHOW COLUMNS FROM `patient` [ RunTime:0.0331s ]
NOTIC: [8] Undefined variable: condition D:\wamp\www\arms\Application\Admin\Controller\TimeController.class.php 第 24 行.
SQL: SELECT * FROM patient as a INNER JOIN Treatment as b on b.patientid=a.idnumber INNER JOIN Visit as c on c.treatmentid=b.treatmentid   [ RunTime:0.0028s ]
INFO: [ app_end ] --START--
INFO: Run Behavior\ShowPageTraceBehavior [ RunTime:0.002799s ]
INFO: [ app_end ] --END-- [ RunTime:0.003418s ]

[ 2017-05-24T19:34:07+08:00 ] 127.0.0.1 /arms/index.php?m=admin&c=time&a=check
INFO: [ app_init ] --START--
INFO: Run Behavior\BuildLiteBehavior [ RunTime:0.000103s ]
INFO: [ app_init ] --END-- [ RunTime:0.002231s ]
INFO: [ app_begin ] --START--
INFO: Run Behavior\ReadHtmlCacheBehavior [ RunTime:0.002559s ]
INFO: [ app_begin ] --END-- [ RunTime:0.003042s ]
SQL: SHOW COLUMNS FROM `visit` [ RunTime:0.0259s ]
SQL: SHOW COLUMNS FROM `patient` [ RunTime:0.0264s ]
NOTIC: [8] Undefined variable: condition D:\wamp\www\arms\Application\Admin\Controller\TimeController.class.php 第 24 行.
SQL: SELECT * FROM patient as a INNER JOIN Treatment as b on b.patientid=a.idnumber INNER JOIN Visit as c on c.treatmentid=b.treatmentid   [ RunTime:0.0038s ]
INFO: [ app_end ] --START--
INFO: Run Behavior\ShowPageTraceBehavior [ RunTime:0.004018s ]
INFO: [ app_end ] --END-- [ RunTime:0.004614s ]

[ 2017-05-24T19:34:29+08:00 ] 127.0.0.1 /arms/index.php?m=admin&c=time&a=check
INFO: [ app_init ] --START--
INFO: Run Behavior\BuildLiteBehavior [ RunTime:0.000136s ]
INFO: [ app_init ] --END-- [ RunTime:0.002537s ]
INFO: [ app_begin ] --START--
INFO: Run Behavior\ReadHtmlCacheBehavior [ RunTime:0.002373s ]
INFO: [ app_begin ] --END-- [ RunTime:0.002938s ]
SQL: SHOW COLUMNS FROM `visit` [ RunTime:0.0281s ]
SQL: SHOW COLUMNS FROM `patient` [ RunTime:0.0251s ]
NOTIC: [8] Undefined variable: condition D:\wamp\www\arms\Application\Admin\Controller\TimeController.class.php 第 24 行.
SQL: SELECT * FROM patient as a INNER JOIN Treatment as b on b.patientid=a.idnumber INNER JOIN Visit as c on c.treatmentid=b.treatmentid   [ RunTime:0.0038s ]
INFO: [ app_end ] --START--
INFO: Run Behavior\ShowPageTraceBehavior [ RunTime:0.002868s ]
INFO: [ app_end ] --END-- [ RunTime:0.003411s ]

[ 2017-05-24T19:34:51+08:00 ] 127.0.0.1 /arms/index.php?m=admin&c=time&a=check
INFO: [ app_init ] --START--
INFO: Run Behavior\BuildLiteBehavior [ RunTime:0.000094s ]
INFO: [ app_init ] --END-- [ RunTime:0.002129s ]
INFO: [ app_begin ] --START--
INFO: Run Behavior\ReadHtmlCacheBehavior [ RunTime:0.004146s ]
INFO: [ app_begin ] --END-- [ RunTime:0.004853s ]
SQL: SHOW COLUMNS FROM `visit` [ RunTime:0.0262s ]
SQL: SHOW COLUMNS FROM `patient` [ RunTime:0.0264s ]
NOTIC: [8] Undefined variable: condition D:\wamp\www\arms\Application\Admin\Controller\TimeController.class.php 第 24 行.
SQL: SELECT * FROM patient as a INNER JOIN Treatment as b on b.patientid=a.idnumber INNER JOIN Visit as c on c.treatmentid=b.treatmentid   [ RunTime:0.0037s ]
INFO: [ app_end ] --START--
INFO: Run Behavior\ShowPageTraceBehavior [ RunTime:0.002785s ]
INFO: [ app_end ] --END-- [ RunTime:0.003280s ]

[ 2017-05-24T19:35:16+08:00 ] 127.0.0.1 /arms/index.php?m=admin&c=time&a=check
INFO: [ app_init ] --START--
INFO: Run Behavior\BuildLiteBehavior [ RunTime:0.000092s ]
INFO: [ app_init ] --END-- [ RunTime:0.001993s ]
INFO: [ app_begin ] --START--
INFO: Run Behavior\ReadHtmlCacheBehavior [ RunTime:0.002434s ]
INFO: [ app_begin ] --END-- [ RunTime:0.002882s ]
SQL: SHOW COLUMNS FROM `visit` [ RunTime:0.0275s ]
SQL: SHOW COLUMNS FROM `patient` [ RunTime:0.0272s ]
NOTIC: [8] Undefined variable: condition D:\wamp\www\arms\Application\Admin\Controller\TimeController.class.php 第 24 行.
SQL: SELECT * FROM patient as a INNER JOIN Treatment as b on b.patientid=a.idnumber INNER JOIN Visit as c on c.treatmentid=b.treatmentid   [ RunTime:0.0032s ]
INFO: [ app_end ] --START--
INFO: Run Behavior\ShowPageTraceBehavior [ RunTime:0.002964s ]
INFO: [ app_end ] --END-- [ RunTime:0.003437s ]

[ 2017-05-24T19:35:33+08:00 ] 127.0.0.1 /arms/index.php?m=admin&c=time&a=check
INFO: [ app_init ] --START--
INFO: Run Behavior\BuildLiteBehavior [ RunTime:0.000094s ]
INFO: [ app_init ] --END-- [ RunTime:0.001965s ]
INFO: [ app_begin ] --START--
INFO: Run Behavior\ReadHtmlCacheBehavior [ RunTime:0.002650s ]
INFO: [ app_begin ] --END-- [ RunTime:0.003357s ]
SQL: SHOW COLUMNS FROM `visit` [ RunTime:0.0298s ]
SQL: SHOW COLUMNS FROM `patient` [ RunTime:0.0255s ]
NOTIC: [8] Undefined variable: condition D:\wamp\www\arms\Application\Admin\Controller\TimeController.class.php 第 24 行.
SQL: SELECT * FROM patient as a INNER JOIN Treatment as b on b.patientid=a.idnumber INNER JOIN Visit as c on c.treatmentid=b.treatmentid   [ RunTime:0.0037s ]
INFO: [ app_end ] --START--
INFO: Run Behavior\ShowPageTraceBehavior [ RunTime:0.002660s ]
INFO: [ app_end ] --END-- [ RunTime:0.003120s ]

[ 2017-05-24T19:35:50+08:00 ] 127.0.0.1 /arms/index.php?m=admin&c=time&a=check
INFO: [ app_init ] --START--
INFO: Run Behavior\BuildLiteBehavior [ RunTime:0.000233s ]
INFO: [ app_init ] --END-- [ RunTime:0.002755s ]
INFO: [ app_begin ] --START--
INFO: Run Behavior\ReadHtmlCacheBehavior [ RunTime:0.003219s ]
INFO: [ app_begin ] --END-- [ RunTime:0.004218s ]
SQL: SHOW COLUMNS FROM `visit` [ RunTime:0.0289s ]
SQL: SHOW COLUMNS FROM `patient` [ RunTime:0.0289s ]
NOTIC: [8] Undefined variable: condition D:\wamp\www\arms\Application\Admin\Controller\TimeController.class.php 第 24 行.
SQL: SELECT * FROM patient as a INNER JOIN Treatment as b on b.patientid=a.idnumber INNER JOIN Visit as c on c.treatmentid=b.treatmentid   [ RunTime:0.0024s ]
INFO: [ app_end ] --START--
INFO: Run Behavior\ShowPageTraceBehavior [ RunTime:0.002861s ]
INFO: [ app_end ] --END-- [ RunTime:0.003317s ]

[ 2017-05-24T19:36:06+08:00 ] 127.0.0.1 /arms/index.php?m=admin&c=time&a=check
INFO: [ app_init ] --START--
INFO: Run Behavior\BuildLiteBehavior [ RunTime:0.000104s ]
INFO: [ app_init ] --END-- [ RunTime:0.002247s ]
INFO: [ app_begin ] --START--
INFO: Run Behavior\ReadHtmlCacheBehavior [ RunTime:0.003225s ]
INFO: [ app_begin ] --END-- [ RunTime:0.003921s ]
SQL: SHOW COLUMNS FROM `visit` [ RunTime:0.0302s ]
SQL: SHOW COLUMNS FROM `patient` [ RunTime:0.0375s ]
NOTIC: [8] Undefined variable: condition D:\wamp\www\arms\Application\Admin\Controller\TimeController.class.php 第 24 行.
SQL: SELECT * FROM patient as a INNER JOIN Treatment as b on b.patientid=a.idnumber INNER JOIN Visit as c on c.treatmentid=b.treatmentid   [ RunTime:0.0027s ]
INFO: [ app_end ] --START--
INFO: Run Behavior\ShowPageTraceBehavior [ RunTime:0.003754s ]
INFO: [ app_end ] --END-- [ RunTime:0.004449s ]

[ 2017-05-24T19:37:29+08:00 ] 127.0.0.1 /arms/index.php?m=admin&c=time&a=check
INFO: [ app_init ] --START--
INFO: Run Behavior\BuildLiteBehavior [ RunTime:0.000177s ]
INFO: [ app_init ] --END-- [ RunTime:0.004080s ]
INFO: [ app_begin ] --START--
INFO: Run Behavior\ReadHtmlCacheBehavior [ RunTime:0.002813s ]
INFO: [ app_begin ] --END-- [ RunTime:0.003360s ]
SQL: SHOW COLUMNS FROM `visit` [ RunTime:0.0373s ]
SQL: SHOW COLUMNS FROM `patient` [ RunTime:0.0286s ]
NOTIC: [8] Undefined variable: condition D:\wamp\www\arms\Application\Admin\Controller\TimeController.class.php 第 24 行.
SQL: SELECT * FROM patient as a INNER JOIN Treatment as b on b.patientid=a.idnumber INNER JOIN Visit as c on c.treatmentid=b.treatmentid   [ RunTime:0.0025s ]
INFO: [ app_end ] --START--
INFO: Run Behavior\ShowPageTraceBehavior [ RunTime:0.002635s ]
INFO: [ app_end ] --END-- [ RunTime:0.003048s ]

[ 2017-05-24T19:45:18+08:00 ] 127.0.0.1 /arms/index.php?m=admin&c=time&a=check
INFO: [ app_init ] --START--
INFO: Run Behavior\BuildLiteBehavior [ RunTime:0.000183s ]
INFO: [ app_init ] --END-- [ RunTime:0.003209s ]
INFO: [ app_begin ] --START--
INFO: Run Behavior\ReadHtmlCacheBehavior [ RunTime:0.005378s ]
INFO: [ app_begin ] --END-- [ RunTime:0.006197s ]
SQL: SHOW COLUMNS FROM `visit` [ RunTime:0.0353s ]
SQL: SHOW COLUMNS FROM `patient` [ RunTime:0.0323s ]
NOTIC: [8] Undefined variable: condition D:\wamp\www\arms\Application\Admin\Controller\TimeController.class.php 第 24 行.
SQL: SELECT * FROM patient as a INNER JOIN Treatment as b on b.patientid=a.idnumber INNER JOIN Visit as c on c.treatmentid=b.treatmentid   [ RunTime:0.0042s ]
SQL: UPDATE `visit` SET `visitnoticetime`='2017-05-24',`visitnoticestate`='1' WHERE ( visittime='2017-05-25' ) [ RunTime:0.0504s ]
NOTIC: [8] Undefined variable: user D:\wamp\www\arms\Application\Admin\Controller\TimeController.class.php 第 44 行.
INFO: [ app_end ] --START--
INFO: Run Behavior\ShowPageTraceBehavior [ RunTime:0.003946s ]
INFO: [ app_end ] --END-- [ RunTime:0.004677s ]

[ 2017-05-24T19:45:43+08:00 ] 127.0.0.1 /arms/index.php?m=admin&c=time&a=check
INFO: [ app_init ] --START--
INFO: Run Behavior\BuildLiteBehavior [ RunTime:0.000187s ]
INFO: [ app_init ] --END-- [ RunTime:0.002920s ]
INFO: [ app_begin ] --START--
INFO: Run Behavior\ReadHtmlCacheBehavior [ RunTime:0.004016s ]
INFO: [ app_begin ] --END-- [ RunTime:0.004636s ]
SQL: SHOW COLUMNS FROM `visit` [ RunTime:0.0303s ]
SQL: SHOW COLUMNS FROM `patient` [ RunTime:0.0291s ]
NOTIC: [8] Undefined variable: condition D:\wamp\www\arms\Application\Admin\Controller\TimeController.class.php 第 24 行.
SQL: SELECT * FROM patient as a INNER JOIN Treatment as b on b.patientid=a.idnumber INNER JOIN Visit as c on c.treatmentid=b.treatmentid   [ RunTime:0.0029s ]
SQL: UPDATE `visit` SET `visitnoticetime`='2017-05-24',`visitnoticestate`='1' WHERE ( visittime='2017-05-25' ) [ RunTime:0.0176s ]
NOTIC: [8] Undefined variable: pass D:\wamp\www\arms\Application\Admin\Controller\TimeController.class.php 第 52 行.
INFO: [ app_end ] --START--
INFO: Run Behavior\ShowPageTraceBehavior [ RunTime:0.004520s ]
INFO: [ app_end ] --END-- [ RunTime:0.005014s ]

[ 2017-05-24T19:46:09+08:00 ] 127.0.0.1 /arms/index.php?m=admin&c=time&a=check
INFO: [ app_init ] --START--
INFO: Run Behavior\BuildLiteBehavior [ RunTime:0.000094s ]
INFO: [ app_init ] --END-- [ RunTime:0.001922s ]
INFO: [ app_begin ] --START--
INFO: Run Behavior\ReadHtmlCacheBehavior [ RunTime:0.003951s ]
INFO: [ app_begin ] --END-- [ RunTime:0.004561s ]
SQL: SHOW COLUMNS FROM `visit` [ RunTime:0.0255s ]
SQL: SHOW COLUMNS FROM `patient` [ RunTime:0.0255s ]
NOTIC: [8] Undefined variable: condition D:\wamp\www\arms\Application\Admin\Controller\TimeController.class.php 第 24 行.
SQL: SELECT * FROM patient as a INNER JOIN Treatment as b on b.patientid=a.idnumber INNER JOIN Visit as c on c.treatmentid=b.treatmentid   [ RunTime:0.0035s ]
SQL: UPDATE `visit` SET `visitnoticetime`='2017-05-24',`visitnoticestate`='1' WHERE ( visittime='2017-05-25' ) [ RunTime:0.0186s ]
INFO: [ app_end ] --START--
INFO: Run Behavior\ShowPageTraceBehavior [ RunTime:0.002942s ]
INFO: [ app_end ] --END-- [ RunTime:0.003487s ]

[ 2017-05-24T19:47:17+08:00 ] 127.0.0.1 /arms/index.php?m=admin&c=time&a=check
INFO: [ app_init ] --START--
INFO: Run Behavior\BuildLiteBehavior [ RunTime:0.000132s ]
INFO: [ app_init ] --END-- [ RunTime:0.002407s ]
INFO: [ app_begin ] --START--
INFO: Run Behavior\ReadHtmlCacheBehavior [ RunTime:0.003700s ]
INFO: [ app_begin ] --END-- [ RunTime:0.004460s ]
SQL: SHOW COLUMNS FROM `visit` [ RunTime:0.0301s ]
SQL: SHOW COLUMNS FROM `patient` [ RunTime:0.0293s ]
NOTIC: [8] Undefined variable: condition D:\wamp\www\arms\Application\Admin\Controller\TimeController.class.php 第 24 行.
SQL: SELECT * FROM patient as a INNER JOIN Treatment as b on b.patientid=a.idnumber INNER JOIN Visit as c on c.treatmentid=b.treatmentid   [ RunTime:0.0042s ]
SQL: UPDATE `visit` SET `visitnoticetime`='2017-05-24',`visitnoticestate`='1' WHERE ( visittime='2017-05-25' ) [ RunTime:0.0068s ]
INFO: [ app_end ] --START--
INFO: Run Behavior\ShowPageTraceBehavior [ RunTime:0.002550s ]
INFO: [ app_end ] --END-- [ RunTime:0.002981s ]

[ 2017-05-24T20:00:47+08:00 ] 127.0.0.1 /arms/index.php?m=admin&c=time&a=check
INFO: [ app_init ] --START--
INFO: Run Behavior\BuildLiteBehavior [ RunTime:0.000096s ]
INFO: [ app_init ] --END-- [ RunTime:0.002631s ]
INFO: [ app_begin ] --START--
INFO: Run Behavior\ReadHtmlCacheBehavior [ RunTime:0.003880s ]
INFO: [ app_begin ] --END-- [ RunTime:0.005002s ]
SQL: SHOW COLUMNS FROM `visit` [ RunTime:0.0257s ]
SQL: SHOW COLUMNS FROM `patient` [ RunTime:0.0279s ]
NOTIC: [8] Undefined variable: condition D:\wamp\www\arms\Application\Admin\Controller\TimeController.class.php 第 24 行.
SQL: SELECT * FROM patient as a INNER JOIN Treatment as b on b.patientid=a.idnumber INNER JOIN Visit as c on c.treatmentid=b.treatmentid   [ RunTime:0.0041s ]
SQL: UPDATE `visit` SET `visitnoticetime`='2017-05-24',`visitnoticestate`='1' WHERE ( visittime='2017-05-25' ) [ RunTime:0.0096s ]
INFO: [ app_end ] --START--
INFO: Run Behavior\ShowPageTraceBehavior [ RunTime:0.002504s ]
INFO: [ app_end ] --END-- [ RunTime:0.002950s ]

[ 2017-05-24T20:12:24+08:00 ] 127.0.0.1 /arms/index.php?m=admin&c=time&a=check
INFO: [ app_init ] --START--
INFO: Run Behavior\BuildLiteBehavior [ RunTime:0.000109s ]
INFO: [ app_init ] --END-- [ RunTime:0.001926s ]
INFO: [ app_begin ] --START--
INFO: Run Behavior\ReadHtmlCacheBehavior [ RunTime:0.002458s ]
INFO: [ app_begin ] --END-- [ RunTime:0.002919s ]
SQL: SHOW COLUMNS FROM `visit` [ RunTime:0.0264s ]
SQL: SHOW COLUMNS FROM `patient` [ RunTime:0.0267s ]
NOTIC: [8] Undefined variable: condition D:\wamp\www\arms\Application\Admin\Controller\TimeController.class.php 第 24 行.
SQL: SELECT * FROM patient as a INNER JOIN Treatment as b on b.patientid=a.idnumber INNER JOIN Visit as c on c.treatmentid=b.treatmentid   [ RunTime:0.0040s ]
SQL: UPDATE `visit` SET `visitnoticetime`='2017-05-24',`visitnoticestate`='1' WHERE ( visittime='2017-05-25' ) [ RunTime:0.0214s ]
INFO: [ app_end ] --START--
INFO: Run Behavior\ShowPageTraceBehavior [ RunTime:0.003400s ]
INFO: [ app_end ] --END-- [ RunTime:0.004002s ]

[ 2017-05-24T20:17:35+08:00 ] 127.0.0.1 /arms/index.php?m=admin&c=time&a=check
INFO: [ app_init ] --START--
INFO: Run Behavior\BuildLiteBehavior [ RunTime:0.000097s ]
INFO: [ app_init ] --END-- [ RunTime:0.002677s ]
INFO: [ app_begin ] --START--
INFO: Run Behavior\ReadHtmlCacheBehavior [ RunTime:0.002773s ]
INFO: [ app_begin ] --END-- [ RunTime:0.003230s ]
SQL: SHOW COLUMNS FROM `visit` [ RunTime:0.0263s ]
SQL: SHOW COLUMNS FROM `patient` [ RunTime:0.0241s ]
NOTIC: [8] Undefined variable: condition D:\wamp\www\arms\Application\Admin\Controller\TimeController.class.php 第 24 行.
SQL: SELECT * FROM patient as a INNER JOIN Treatment as b on b.patientid=a.idnumber INNER JOIN Visit as c on c.treatmentid=b.treatmentid   [ RunTime:0.0273s ]
SQL: UPDATE `visit` SET `visitnoticetime`='2017-05-24',`visitnoticestate`='1' WHERE ( visittime='2017-05-25' ) [ RunTime:0.0276s ]
INFO: [ app_end ] --START--
INFO: Run Behavior\ShowPageTraceBehavior [ RunTime:0.002956s ]
INFO: [ app_end ] --END-- [ RunTime:0.003744s ]

[ 2017-05-24T20:31:31+08:00 ] 127.0.0.1 /arms/index.php?m=admin&c=time&a=check
INFO: [ app_init ] --START--
INFO: Run Behavior\BuildLiteBehavior [ RunTime:0.000157s ]
INFO: [ app_init ] --END-- [ RunTime:0.038258s ]
INFO: [ app_begin ] --START--
INFO: Run Behavior\ReadHtmlCacheBehavior [ RunTime:0.020233s ]
INFO: [ app_begin ] --END-- [ RunTime:0.021106s ]
SQL: SHOW COLUMNS FROM `visit` [ RunTime:0.3582s ]
SQL: SHOW COLUMNS FROM `patient` [ RunTime:0.2964s ]
NOTIC: [8] Undefined variable: condition D:\wamp\www\arms\Application\Admin\Controller\TimeController.class.php 第 24 行.
SQL: SELECT * FROM patient as a INNER JOIN Treatment as b on b.patientid=a.idnumber INNER JOIN Visit as c on c.treatmentid=b.treatmentid   [ RunTime:0.0047s ]
SQL: UPDATE `visit` SET `visitnoticetime`='2017-05-24',`visitnoticestate`='1' WHERE ( visittime='2017-05-25' ) [ RunTime:0.0401s ]
INFO: [ app_end ] --START--
INFO: Run Behavior\ShowPageTraceBehavior [ RunTime:0.002801s ]
INFO: [ app_end ] --END-- [ RunTime:0.003350s ]

[ 2017-05-24T20:35:11+08:00 ] 127.0.0.1 /arms/index.php?m=admin&c=time&a=check
INFO: [ app_init ] --START--
INFO: Run Behavior\BuildLiteBehavior [ RunTime:0.000096s ]
INFO: [ app_init ] --END-- [ RunTime:0.001977s ]
INFO: [ app_begin ] --START--
INFO: Run Behavior\ReadHtmlCacheBehavior [ RunTime:0.002433s ]
INFO: [ app_begin ] --END-- [ RunTime:0.002941s ]
SQL: SHOW COLUMNS FROM `visit` [ RunTime:0.0292s ]
SQL: SHOW COLUMNS FROM `patient` [ RunTime:0.0283s ]
NOTIC: [8] Undefined variable: condition D:\wamp\www\arms\Application\Admin\Controller\TimeController.class.php 第 24 行.
SQL: SELECT * FROM patient as a INNER JOIN Treatment as b on b.patientid=a.idnumber INNER JOIN Visit as c on c.treatmentid=b.treatmentid   [ RunTime:0.0030s ]
SQL: UPDATE `visit` SET `visitnoticetime`='2017-05-24',`visitnoticestate`='1' WHERE ( visittime='2017-05-25' ) [ RunTime:0.0050s ]
INFO: [ app_end ] --START--
INFO: Run Behavior\ShowPageTraceBehavior [ RunTime:0.002664s ]
INFO: [ app_end ] --END-- [ RunTime:0.004236s ]

