[ 2017-09-02T20:46:28+08:00 ] 127.0.0.1 /arms/index.php?m=admin&c=login
INFO: [ app_init ] --START--
INFO: Run Behavior\BuildLiteBehavior [ RunTime:0.000113s ]
INFO: [ app_init ] --END-- [ RunTime:0.009412s ]
INFO: [ app_begin ] --START--
INFO: Run Behavior\ReadHtmlCacheBehavior [ RunTime:0.015540s ]
INFO: [ app_begin ] --END-- [ RunTime:0.016230s ]
INFO: [ view_parse ] --START--
INFO: [ template_filter ] --START--
INFO: Run Behavior\ContentReplaceBehavior [ RunTime:0.000255s ]
INFO: [ template_filter ] --END-- [ RunTime:0.000887s ]
INFO: Run Behavior\ParseTemplateBehavior [ RunTime:0.101882s ]
INFO: [ view_parse ] --END-- [ RunTime:0.103420s ]
INFO: [ view_filter ] --START--
INFO: Run Behavior\WriteHtmlCacheBehavior [ RunTime:0.011319s ]
INFO: [ view_filter ] --END-- [ RunTime:0.012381s ]
INFO: [ app_end ] --START--
INFO: Run Behavior\ShowPageTraceBehavior [ RunTime:0.021097s ]
INFO: [ app_end ] --END-- [ RunTime:0.022306s ]

[ 2017-09-02T20:46:49+08:00 ] 127.0.0.1 /arms/index.php?m=admin&c=login
INFO: [ app_init ] --START--
INFO: Run Behavior\BuildLiteBehavior [ RunTime:0.000374s ]
INFO: [ app_init ] --END-- [ RunTime:0.003542s ]
INFO: [ app_begin ] --START--
INFO: Run Behavior\ReadHtmlCacheBehavior [ RunTime:0.002554s ]
INFO: [ app_begin ] --END-- [ RunTime:0.003112s ]
INFO: [ view_parse ] --START--
INFO: [ template_filter ] --START--
INFO: Run Behavior\ContentReplaceBehavior [ RunTime:0.000736s ]
INFO: [ template_filter ] --END-- [ RunTime:0.001865s ]
INFO: Run Behavior\ParseTemplateBehavior [ RunTime:0.031537s ]
INFO: [ view_parse ] --END-- [ RunTime:0.032159s ]
INFO: [ view_filter ] --START--
INFO: Run Behavior\WriteHtmlCacheBehavior [ RunTime:0.002337s ]
INFO: [ view_filter ] --END-- [ RunTime:0.003029s ]
INFO: [ app_end ] --START--
INFO: Run Behavior\ShowPageTraceBehavior [ RunTime:0.004310s ]
INFO: [ app_end ] --END-- [ RunTime:0.005003s ]

[ 2017-09-02T20:47:23+08:00 ] 127.0.0.1 /arms/index.php?m=admin&c=login
INFO: [ app_init ] --START--
INFO: Run Behavior\BuildLiteBehavior [ RunTime:0.000109s ]
INFO: [ app_init ] --END-- [ RunTime:0.001735s ]
INFO: [ app_begin ] --START--
INFO: Run Behavior\ReadHtmlCacheBehavior [ RunTime:0.002137s ]
INFO: [ app_begin ] --END-- [ RunTime:0.002659s ]
INFO: [ view_parse ] --START--
INFO: [ template_filter ] --START--
INFO: Run Behavior\ContentReplaceBehavior [ RunTime:0.000271s ]
INFO: [ template_filter ] --END-- [ RunTime:0.000730s ]
INFO: Run Behavior\ParseTemplateBehavior [ RunTime:0.029843s ]
INFO: [ view_parse ] --END-- [ RunTime:0.030601s ]
INFO: [ view_filter ] --START--
INFO: Run Behavior\WriteHtmlCacheBehavior [ RunTime:0.001126s ]
INFO: [ view_filter ] --END-- [ RunTime:0.001511s ]
INFO: [ app_end ] --START--
INFO: Run Behavior\ShowPageTraceBehavior [ RunTime:0.002592s ]
INFO: [ app_end ] --END-- [ RunTime:0.003110s ]

[ 2017-09-02T20:47:54+08:00 ] 127.0.0.1 /arms/index.php?m=admin&c=login
INFO: [ app_init ] --START--
INFO: Run Behavior\BuildLiteBehavior [ RunTime:0.000101s ]
INFO: [ app_init ] --END-- [ RunTime:0.001752s ]
INFO: [ app_begin ] --START--
INFO: Run Behavior\ReadHtmlCacheBehavior [ RunTime:0.003304s ]
INFO: [ app_begin ] --END-- [ RunTime:0.004794s ]
INFO: [ view_parse ] --START--
INFO: [ template_filter ] --START--
INFO: Run Behavior\ContentReplaceBehavior [ RunTime:0.000424s ]
INFO: [ template_filter ] --END-- [ RunTime:0.001253s ]
INFO: Run Behavior\ParseTemplateBehavior [ RunTime:0.039163s ]
INFO: [ view_parse ] --END-- [ RunTime:0.039916s ]
INFO: [ view_filter ] --START--
INFO: Run Behavior\WriteHtmlCacheBehavior [ RunTime:0.002985s ]
INFO: [ view_filter ] --END-- [ RunTime:0.003722s ]
INFO: [ app_end ] --START--
INFO: Run Behavior\ShowPageTraceBehavior [ RunTime:0.002707s ]
INFO: [ app_end ] --END-- [ RunTime:0.003370s ]

[ 2017-09-02T20:48:47+08:00 ] 127.0.0.1 /arms/index.php?m=admin&c=login&a=check
INFO: [ app_init ] --START--
INFO: Run Behavior\BuildLiteBehavior [ RunTime:0.000160s ]
INFO: [ app_init ] --END-- [ RunTime:0.002376s ]
INFO: [ app_begin ] --START--
INFO: Run Behavior\ReadHtmlCacheBehavior [ RunTime:0.002700s ]
INFO: [ app_begin ] --END-- [ RunTime:0.003316s ]
SQL: SHOW COLUMNS FROM `doctor` [ RunTime:0.0530s ]
SQL: SELECT * FROM `doctor` WHERE `doctorid` = 'admin'  [ RunTime:0.0020s ]
NOTIC: [8] Undefined variable: module D:\wamp\www\arms\ThinkPHP\Common\functions.php 第 990 行.
NOTIC: [8] Undefined variable: var D:\wamp\www\arms\ThinkPHP\Common\functions.php 第 990 行.
NOTIC: [2] array_reverse() expects parameter 1 to be array, null given D:\wamp\www\arms\ThinkPHP\Common\functions.php 第 990 行.
NOTIC: [2] http_build_query(): Parameter 1 expected to be Array or Object.  Incorrect value given D:\wamp\www\arms\ThinkPHP\Common\functions.php 第 990 行.
INFO: [ view_parse ] --START--
INFO: [ template_filter ] --START--
INFO: Run Behavior\ContentReplaceBehavior [ RunTime:0.000360s ]
INFO: [ template_filter ] --END-- [ RunTime:0.001106s ]
INFO: Run Behavior\ParseTemplateBehavior [ RunTime:0.027731s ]
INFO: [ view_parse ] --END-- [ RunTime:0.028171s ]
INFO: [ view_filter ] --START--
INFO: Run Behavior\WriteHtmlCacheBehavior [ RunTime:0.000899s ]
INFO: [ view_filter ] --END-- [ RunTime:0.001319s ]
INFO: [ app_end ] --START--
INFO: Run Behavior\ShowPageTraceBehavior [ RunTime:0.001785s ]
INFO: [ app_end ] --END-- [ RunTime:0.002182s ]

[ 2017-09-02T20:48:48+08:00 ] 127.0.0.1 /arms/index.php?m=&&m=admin&c=index&a=index
INFO: [ app_init ] --START--
INFO: Run Behavior\BuildLiteBehavior [ RunTime:0.000585s ]
INFO: [ app_init ] --END-- [ RunTime:0.002990s ]
INFO: [ app_begin ] --START--
INFO: Run Behavior\ReadHtmlCacheBehavior [ RunTime:0.002716s ]
INFO: [ app_begin ] --END-- [ RunTime:0.003466s ]
INFO: [ view_parse ] --START--
INFO: [ template_filter ] --START--
INFO: Run Behavior\ContentReplaceBehavior [ RunTime:0.000408s ]
INFO: [ template_filter ] --END-- [ RunTime:0.000870s ]
INFO: Run Behavior\ParseTemplateBehavior [ RunTime:0.092684s ]
INFO: [ view_parse ] --END-- [ RunTime:0.093347s ]
INFO: [ view_filter ] --START--
INFO: Run Behavior\WriteHtmlCacheBehavior [ RunTime:0.001314s ]
INFO: [ view_filter ] --END-- [ RunTime:0.002153s ]
INFO: [ app_end ] --START--
INFO: Run Behavior\ShowPageTraceBehavior [ RunTime:0.003504s ]
INFO: [ app_end ] --END-- [ RunTime:0.004280s ]

[ 2017-09-02T20:52:13+08:00 ] 127.0.0.1 /arms/index.php?m=admin&c=login
INFO: [ app_init ] --START--
INFO: Run Behavior\BuildLiteBehavior [ RunTime:0.000099s ]
INFO: [ app_init ] --END-- [ RunTime:0.025823s ]
INFO: [ app_begin ] --START--
INFO: Run Behavior\ReadHtmlCacheBehavior [ RunTime:0.003056s ]
INFO: [ app_begin ] --END-- [ RunTime:0.003519s ]
INFO: [ view_parse ] --START--
INFO: [ template_filter ] --START--
INFO: Run Behavior\ContentReplaceBehavior [ RunTime:0.013460s ]
INFO: [ template_filter ] --END-- [ RunTime:0.013907s ]
INFO: Run Behavior\ParseTemplateBehavior [ RunTime:0.044308s ]
INFO: [ view_parse ] --END-- [ RunTime:0.044803s ]
INFO: [ view_filter ] --START--
INFO: Run Behavior\WriteHtmlCacheBehavior [ RunTime:0.002408s ]
INFO: [ view_filter ] --END-- [ RunTime:0.003305s ]
INFO: [ app_end ] --START--
INFO: Run Behavior\ShowPageTraceBehavior [ RunTime:0.003197s ]
INFO: [ app_end ] --END-- [ RunTime:0.003613s ]

[ 2017-09-02T20:57:32+08:00 ] 127.0.0.1 /arms/index.php?m=admin&c=login&a=check
INFO: [ app_init ] --START--
INFO: Run Behavior\BuildLiteBehavior [ RunTime:0.000091s ]
INFO: [ app_init ] --END-- [ RunTime:0.001562s ]
INFO: [ app_begin ] --START--
INFO: Run Behavior\ReadHtmlCacheBehavior [ RunTime:0.001938s ]
INFO: [ app_begin ] --END-- [ RunTime:0.002378s ]
SQL: SHOW COLUMNS FROM `doctor` [ RunTime:0.0242s ]
SQL: SELECT * FROM `doctor` WHERE `doctorid` = 'admin'  [ RunTime:0.0010s ]
NOTIC: [8] Undefined variable: module D:\wamp\www\arms\ThinkPHP\Common\functions.php 第 990 行.
NOTIC: [8] Undefined variable: var D:\wamp\www\arms\ThinkPHP\Common\functions.php 第 990 行.
NOTIC: [2] array_reverse() expects parameter 1 to be array, null given D:\wamp\www\arms\ThinkPHP\Common\functions.php 第 990 行.
NOTIC: [2] http_build_query(): Parameter 1 expected to be Array or Object.  Incorrect value given D:\wamp\www\arms\ThinkPHP\Common\functions.php 第 990 行.
INFO: [ view_parse ] --START--
INFO: [ template_filter ] --START--
INFO: Run Behavior\ContentReplaceBehavior [ RunTime:0.000208s ]
INFO: [ template_filter ] --END-- [ RunTime:0.000614s ]
INFO: Run Behavior\ParseTemplateBehavior [ RunTime:0.022235s ]
INFO: [ view_parse ] --END-- [ RunTime:0.022688s ]
INFO: [ view_filter ] --START--
INFO: Run Behavior\WriteHtmlCacheBehavior [ RunTime:0.001112s ]
INFO: [ view_filter ] --END-- [ RunTime:0.001690s ]
INFO: [ app_end ] --START--
INFO: Run Behavior\ShowPageTraceBehavior [ RunTime:0.002628s ]
INFO: [ app_end ] --END-- [ RunTime:0.003052s ]

[ 2017-09-02T20:57:34+08:00 ] 127.0.0.1 /arms/index.php?m=&&m=admin&c=index&a=index
INFO: [ app_init ] --START--
INFO: Run Behavior\BuildLiteBehavior [ RunTime:0.000089s ]
INFO: [ app_init ] --END-- [ RunTime:0.001339s ]
INFO: [ app_begin ] --START--
INFO: Run Behavior\ReadHtmlCacheBehavior [ RunTime:0.002337s ]
INFO: [ app_begin ] --END-- [ RunTime:0.002868s ]
INFO: [ view_parse ] --START--
INFO: [ template_filter ] --START--
INFO: Run Behavior\ContentReplaceBehavior [ RunTime:0.000332s ]
INFO: [ template_filter ] --END-- [ RunTime:0.000890s ]
INFO: Run Behavior\ParseTemplateBehavior [ RunTime:0.031797s ]
INFO: [ view_parse ] --END-- [ RunTime:0.032219s ]
INFO: [ view_filter ] --START--
INFO: Run Behavior\WriteHtmlCacheBehavior [ RunTime:0.000760s ]
INFO: [ view_filter ] --END-- [ RunTime:0.001128s ]
INFO: [ app_end ] --START--
INFO: Run Behavior\ShowPageTraceBehavior [ RunTime:0.001692s ]
INFO: [ app_end ] --END-- [ RunTime:0.002094s ]

