[ 2017-06-06T15:34:21+08:00 ] 127.0.0.1 /arms/index.php?m=admin&c=login
INFO: [ app_init ] --START--
INFO: Run Behavior\BuildLiteBehavior [ RunTime:0.000094s ]
INFO: [ app_init ] --END-- [ RunTime:0.002533s ]
INFO: [ app_begin ] --START--
INFO: Run Behavior\ReadHtmlCacheBehavior [ RunTime:0.003104s ]
INFO: [ app_begin ] --END-- [ RunTime:0.003602s ]
INFO: [ view_parse ] --START--
INFO: [ template_filter ] --START--
INFO: Run Behavior\ContentReplaceBehavior [ RunTime:0.000476s ]
INFO: [ template_filter ] --END-- [ RunTime:0.001267s ]
INFO: Run Behavior\ParseTemplateBehavior [ RunTime:0.101109s ]
INFO: [ view_parse ] --END-- [ RunTime:0.101565s ]
INFO: [ view_filter ] --START--
INFO: Run Behavior\WriteHtmlCacheBehavior [ RunTime:0.002172s ]
INFO: [ view_filter ] --END-- [ RunTime:0.002563s ]
INFO: [ app_end ] --START--
INFO: Run Behavior\ShowPageTraceBehavior [ RunTime:0.003511s ]
INFO: [ app_end ] --END-- [ RunTime:0.003995s ]

[ 2017-06-06T15:34:23+08:00 ] 127.0.0.1 /arms/index.php?m=admin&c=login&a=check
INFO: [ app_init ] --START--
INFO: Run Behavior\BuildLiteBehavior [ RunTime:0.000095s ]
INFO: [ app_init ] --END-- [ RunTime:0.002377s ]
INFO: [ app_begin ] --START--
INFO: Run Behavior\ReadHtmlCacheBehavior [ RunTime:0.004782s ]
INFO: [ app_begin ] --END-- [ RunTime:0.005631s ]
SQL: SHOW COLUMNS FROM `doctor` [ RunTime:0.0555s ]
SQL: SELECT * FROM `doctor` WHERE `doctorid` = 'admin'  [ RunTime:0.0251s ]
NOTIC: [8] Undefined variable: module D:\wamp\www\arms\ThinkPHP\Common\functions.php 第 990 行.
NOTIC: [8] Undefined variable: var D:\wamp\www\arms\ThinkPHP\Common\functions.php 第 990 行.
NOTIC: [2] array_reverse() expects parameter 1 to be array, null given D:\wamp\www\arms\ThinkPHP\Common\functions.php 第 990 行.
NOTIC: [2] http_build_query(): Parameter 1 expected to be Array or Object.  Incorrect value given D:\wamp\www\arms\ThinkPHP\Common\functions.php 第 990 行.
INFO: [ view_parse ] --START--
INFO: [ template_filter ] --START--
INFO: Run Behavior\ContentReplaceBehavior [ RunTime:0.000383s ]
INFO: [ template_filter ] --END-- [ RunTime:0.001143s ]
INFO: Run Behavior\ParseTemplateBehavior [ RunTime:0.063379s ]
INFO: [ view_parse ] --END-- [ RunTime:0.063965s ]
INFO: [ view_filter ] --START--
INFO: Run Behavior\WriteHtmlCacheBehavior [ RunTime:0.002184s ]
INFO: [ view_filter ] --END-- [ RunTime:0.002854s ]
INFO: [ app_end ] --START--
INFO: Run Behavior\ShowPageTraceBehavior [ RunTime:0.004278s ]
INFO: [ app_end ] --END-- [ RunTime:0.005011s ]

[ 2017-06-06T15:34:24+08:00 ] 127.0.0.1 /arms/index.php?m=&&m=admin&c=index&a=index
INFO: [ app_init ] --START--
INFO: Run Behavior\BuildLiteBehavior [ RunTime:0.000154s ]
INFO: [ app_init ] --END-- [ RunTime:0.002733s ]
INFO: [ app_begin ] --START--
INFO: Run Behavior\ReadHtmlCacheBehavior [ RunTime:0.003512s ]
INFO: [ app_begin ] --END-- [ RunTime:0.004301s ]
INFO: [ view_parse ] --START--
INFO: [ template_filter ] --START--
INFO: Run Behavior\ContentReplaceBehavior [ RunTime:0.000476s ]
INFO: [ template_filter ] --END-- [ RunTime:0.001219s ]
INFO: Run Behavior\ParseTemplateBehavior [ RunTime:0.064927s ]
INFO: [ view_parse ] --END-- [ RunTime:0.065690s ]
INFO: [ view_filter ] --START--
INFO: Run Behavior\WriteHtmlCacheBehavior [ RunTime:0.002416s ]
INFO: [ view_filter ] --END-- [ RunTime:0.003180s ]
INFO: [ app_end ] --START--
INFO: Run Behavior\ShowPageTraceBehavior [ RunTime:0.003984s ]
INFO: [ app_end ] --END-- [ RunTime:0.004813s ]

[ 2017-06-06T15:34:36+08:00 ] 127.0.0.1 /arms/index.php?m=admin&c=index&a=hzcx
INFO: [ app_init ] --START--
INFO: Run Behavior\BuildLiteBehavior [ RunTime:0.006022s ]
INFO: [ app_init ] --END-- [ RunTime:0.011220s ]
INFO: [ app_begin ] --START--
INFO: Run Behavior\ReadHtmlCacheBehavior [ RunTime:0.005428s ]
INFO: [ app_begin ] --END-- [ RunTime:0.007257s ]
SQL: SHOW COLUMNS FROM `patient` [ RunTime:0.0324s ]
SQL: SHOW COLUMNS FROM `patient` [ RunTime:0.0332s ]
SQL: SELECT * FROM `patient` WHERE `birthyear` = 1999  [ RunTime:0.0021s ]
INFO: [ view_parse ] --START--
INFO: [ template_filter ] --START--
INFO: Run Behavior\ContentReplaceBehavior [ RunTime:0.000724s ]
INFO: [ template_filter ] --END-- [ RunTime:0.001702s ]
INFO: Run Behavior\ParseTemplateBehavior [ RunTime:0.059106s ]
INFO: [ view_parse ] --END-- [ RunTime:0.060246s ]
INFO: [ view_filter ] --START--
INFO: Run Behavior\WriteHtmlCacheBehavior [ RunTime:0.002720s ]
INFO: [ view_filter ] --END-- [ RunTime:0.003530s ]
INFO: [ app_end ] --START--
INFO: Run Behavior\ShowPageTraceBehavior [ RunTime:0.003359s ]
INFO: [ app_end ] --END-- [ RunTime:0.003932s ]

[ 2017-06-06T15:34:39+08:00 ] 127.0.0.1 /arms/index.php?m=admin&c=index&a=hzcx1&name=asad&idnumber=1111
INFO: [ app_init ] --START--
INFO: Run Behavior\BuildLiteBehavior [ RunTime:0.000093s ]
INFO: [ app_init ] --END-- [ RunTime:0.001826s ]
INFO: [ app_begin ] --START--
INFO: Run Behavior\ReadHtmlCacheBehavior [ RunTime:0.002415s ]
INFO: [ app_begin ] --END-- [ RunTime:0.002902s ]
SQL: SHOW COLUMNS FROM `patient` [ RunTime:0.0256s ]
SQL: SHOW COLUMNS FROM `patient` [ RunTime:0.0264s ]
SQL: SELECT * FROM `patient` WHERE `name` = 'asad' AND `idnumber` = '1111'  [ RunTime:0.0022s ]
SQL: SHOW COLUMNS FROM `patient` [ RunTime:0.0282s ]
SQL: SELECT * FROM patient as a INNER JOIN Treatment as b on b.patientid=a.idnumber INNER JOIN Visit as c on c.treatmentid=b.treatmentid  WHERE `name` = 'asad' AND `idnumber` = '1111'  [ RunTime:0.0234s ]
INFO: [ view_parse ] --START--
INFO: [ template_filter ] --START--
INFO: Run Behavior\ContentReplaceBehavior [ RunTime:0.000273s ]
INFO: [ template_filter ] --END-- [ RunTime:0.000685s ]
INFO: Run Behavior\ParseTemplateBehavior [ RunTime:0.105788s ]
INFO: [ view_parse ] --END-- [ RunTime:0.106237s ]
INFO: [ view_filter ] --START--
INFO: Run Behavior\WriteHtmlCacheBehavior [ RunTime:0.001419s ]
INFO: [ view_filter ] --END-- [ RunTime:0.001832s ]
INFO: [ app_end ] --START--
INFO: Run Behavior\ShowPageTraceBehavior [ RunTime:0.002424s ]
INFO: [ app_end ] --END-- [ RunTime:0.002813s ]

[ 2017-06-06T15:34:47+08:00 ] 127.0.0.1 /arms/index.php?m=admin&c=index&a=hzcx
INFO: [ app_init ] --START--
INFO: Run Behavior\BuildLiteBehavior [ RunTime:0.000145s ]
INFO: [ app_init ] --END-- [ RunTime:0.002688s ]
INFO: [ app_begin ] --START--
INFO: Run Behavior\ReadHtmlCacheBehavior [ RunTime:0.002424s ]
INFO: [ app_begin ] --END-- [ RunTime:0.002945s ]
SQL: SHOW COLUMNS FROM `patient` [ RunTime:0.0361s ]
SQL: SHOW COLUMNS FROM `patient` [ RunTime:0.0331s ]
SQL: SELECT * FROM `patient` WHERE `birthyear` = 1999  [ RunTime:0.0016s ]
INFO: [ view_parse ] --START--
INFO: [ template_filter ] --START--
INFO: Run Behavior\ContentReplaceBehavior [ RunTime:0.000628s ]
INFO: [ template_filter ] --END-- [ RunTime:0.001883s ]
INFO: Run Behavior\ParseTemplateBehavior [ RunTime:0.048549s ]
INFO: [ view_parse ] --END-- [ RunTime:0.049458s ]
INFO: [ view_filter ] --START--
INFO: Run Behavior\WriteHtmlCacheBehavior [ RunTime:0.002542s ]
INFO: [ view_filter ] --END-- [ RunTime:0.003238s ]
INFO: [ app_end ] --START--
INFO: Run Behavior\ShowPageTraceBehavior [ RunTime:0.004028s ]
INFO: [ app_end ] --END-- [ RunTime:0.004824s ]

[ 2017-06-06T15:34:49+08:00 ] 127.0.0.1 /arms/index.php?m=admin&c=index&a=hzcx1&name=cp&idnumber=111111
INFO: [ app_init ] --START--
INFO: Run Behavior\BuildLiteBehavior [ RunTime:0.000117s ]
INFO: [ app_init ] --END-- [ RunTime:0.001993s ]
INFO: [ app_begin ] --START--
INFO: Run Behavior\ReadHtmlCacheBehavior [ RunTime:0.003294s ]
INFO: [ app_begin ] --END-- [ RunTime:0.003956s ]
SQL: SHOW COLUMNS FROM `patient` [ RunTime:0.0278s ]
SQL: SHOW COLUMNS FROM `patient` [ RunTime:0.0253s ]
SQL: SELECT * FROM `patient` WHERE `name` = 'cp' AND `idnumber` = '111111'  [ RunTime:0.0020s ]
SQL: SHOW COLUMNS FROM `patient` [ RunTime:0.0310s ]
SQL: SELECT * FROM patient as a INNER JOIN Treatment as b on b.patientid=a.idnumber INNER JOIN Visit as c on c.treatmentid=b.treatmentid  WHERE `name` = 'cp' AND `idnumber` = '111111'  [ RunTime:0.0030s ]
INFO: [ view_parse ] --START--
INFO: [ template_filter ] --START--
INFO: Run Behavior\ContentReplaceBehavior [ RunTime:0.000296s ]
INFO: [ template_filter ] --END-- [ RunTime:0.000796s ]
INFO: Run Behavior\ParseTemplateBehavior [ RunTime:0.111988s ]
INFO: [ view_parse ] --END-- [ RunTime:0.112697s ]
INFO: [ view_filter ] --START--
INFO: Run Behavior\WriteHtmlCacheBehavior [ RunTime:0.006196s ]
INFO: [ view_filter ] --END-- [ RunTime:0.006895s ]
INFO: [ app_end ] --START--
INFO: Run Behavior\ShowPageTraceBehavior [ RunTime:0.004339s ]
INFO: [ app_end ] --END-- [ RunTime:0.005085s ]

[ 2017-06-06T15:35:07+08:00 ] 127.0.0.1 /arms/index.php?m=admin&c=login&a=check
INFO: [ app_init ] --START--
INFO: Run Behavior\BuildLiteBehavior [ RunTime:0.000091s ]
INFO: [ app_init ] --END-- [ RunTime:0.002477s ]
INFO: [ app_begin ] --START--
INFO: Run Behavior\ReadHtmlCacheBehavior [ RunTime:0.002703s ]
INFO: [ app_begin ] --END-- [ RunTime:0.003278s ]
SQL: SHOW COLUMNS FROM `doctor` [ RunTime:0.0255s ]
SQL: SELECT * FROM `doctor` WHERE `doctorid` = 'cp'  [ RunTime:0.0015s ]
NOTIC: [8] Undefined variable: module D:\wamp\www\arms\ThinkPHP\Common\functions.php 第 990 行.
NOTIC: [8] Undefined variable: var D:\wamp\www\arms\ThinkPHP\Common\functions.php 第 990 行.
NOTIC: [2] array_reverse() expects parameter 1 to be array, null given D:\wamp\www\arms\ThinkPHP\Common\functions.php 第 990 行.
NOTIC: [2] http_build_query(): Parameter 1 expected to be Array or Object.  Incorrect value given D:\wamp\www\arms\ThinkPHP\Common\functions.php 第 990 行.
INFO: [ view_parse ] --START--
INFO: [ template_filter ] --START--
INFO: Run Behavior\ContentReplaceBehavior [ RunTime:0.000231s ]
INFO: [ template_filter ] --END-- [ RunTime:0.000631s ]
INFO: Run Behavior\ParseTemplateBehavior [ RunTime:0.027196s ]
INFO: [ view_parse ] --END-- [ RunTime:0.027683s ]
INFO: [ view_filter ] --START--
INFO: Run Behavior\WriteHtmlCacheBehavior [ RunTime:0.001470s ]
INFO: [ view_filter ] --END-- [ RunTime:0.001846s ]
INFO: [ app_end ] --START--
INFO: Run Behavior\ShowPageTraceBehavior [ RunTime:0.003947s ]
INFO: [ app_end ] --END-- [ RunTime:0.004643s ]

[ 2017-06-06T15:35:08+08:00 ] 127.0.0.1 /arms/index.php?m=&&m=admin&c=index&a=nindex
INFO: [ app_init ] --START--
INFO: Run Behavior\BuildLiteBehavior [ RunTime:0.000149s ]
INFO: [ app_init ] --END-- [ RunTime:0.002661s ]
INFO: [ app_begin ] --START--
INFO: Run Behavior\ReadHtmlCacheBehavior [ RunTime:0.003527s ]
INFO: [ app_begin ] --END-- [ RunTime:0.004295s ]
INFO: [ view_parse ] --START--
INFO: [ template_filter ] --START--
INFO: Run Behavior\ContentReplaceBehavior [ RunTime:0.000384s ]
INFO: [ template_filter ] --END-- [ RunTime:0.001149s ]
INFO: Run Behavior\ParseTemplateBehavior [ RunTime:0.062066s ]
INFO: [ view_parse ] --END-- [ RunTime:0.062820s ]
INFO: [ view_filter ] --START--
INFO: Run Behavior\WriteHtmlCacheBehavior [ RunTime:0.002404s ]
INFO: [ view_filter ] --END-- [ RunTime:0.003434s ]
INFO: [ app_end ] --START--
INFO: Run Behavior\ShowPageTraceBehavior [ RunTime:0.003696s ]
INFO: [ app_end ] --END-- [ RunTime:0.004407s ]

[ 2017-06-06T15:35:08+08:00 ] 127.0.0.1 /arms/index.php?m=&&m=admin&c=index&a=nindex
INFO: [ app_init ] --START--
INFO: Run Behavior\BuildLiteBehavior [ RunTime:0.000315s ]
INFO: [ app_init ] --END-- [ RunTime:0.004584s ]
INFO: [ app_begin ] --START--
INFO: Run Behavior\ReadHtmlCacheBehavior [ RunTime:0.003978s ]
INFO: [ app_begin ] --END-- [ RunTime:0.004636s ]
INFO: [ view_parse ] --START--
INFO: [ template_filter ] --START--
INFO: Run Behavior\ContentReplaceBehavior [ RunTime:0.000427s ]
INFO: [ template_filter ] --END-- [ RunTime:0.001349s ]
INFO: Run Behavior\ParseTemplateBehavior [ RunTime:0.046140s ]
INFO: [ view_parse ] --END-- [ RunTime:0.046867s ]
INFO: [ view_filter ] --START--
INFO: Run Behavior\WriteHtmlCacheBehavior [ RunTime:0.001787s ]
INFO: [ view_filter ] --END-- [ RunTime:0.002640s ]
INFO: [ app_end ] --START--
INFO: Run Behavior\ShowPageTraceBehavior [ RunTime:0.003237s ]
INFO: [ app_end ] --END-- [ RunTime:0.003800s ]

[ 2017-06-06T15:35:16+08:00 ] 127.0.0.1 /arms/index.php?m=admin&c=login&a=check
INFO: [ app_init ] --START--
INFO: Run Behavior\BuildLiteBehavior [ RunTime:0.000092s ]
INFO: [ app_init ] --END-- [ RunTime:0.002141s ]
INFO: [ app_begin ] --START--
INFO: Run Behavior\ReadHtmlCacheBehavior [ RunTime:0.002472s ]
INFO: [ app_begin ] --END-- [ RunTime:0.002990s ]
SQL: SHOW COLUMNS FROM `doctor` [ RunTime:0.0257s ]
SQL: SELECT * FROM `doctor` WHERE `doctorid` = 'admin'  [ RunTime:0.0012s ]
NOTIC: [8] Undefined variable: module D:\wamp\www\arms\ThinkPHP\Common\functions.php 第 990 行.
NOTIC: [8] Undefined variable: var D:\wamp\www\arms\ThinkPHP\Common\functions.php 第 990 行.
NOTIC: [2] array_reverse() expects parameter 1 to be array, null given D:\wamp\www\arms\ThinkPHP\Common\functions.php 第 990 行.
NOTIC: [2] http_build_query(): Parameter 1 expected to be Array or Object.  Incorrect value given D:\wamp\www\arms\ThinkPHP\Common\functions.php 第 990 行.
INFO: [ view_parse ] --START--
INFO: [ template_filter ] --START--
INFO: Run Behavior\ContentReplaceBehavior [ RunTime:0.000217s ]
INFO: [ template_filter ] --END-- [ RunTime:0.000627s ]
INFO: Run Behavior\ParseTemplateBehavior [ RunTime:0.031082s ]
INFO: [ view_parse ] --END-- [ RunTime:0.031909s ]
INFO: [ view_filter ] --START--
INFO: Run Behavior\WriteHtmlCacheBehavior [ RunTime:0.001595s ]
INFO: [ view_filter ] --END-- [ RunTime:0.002011s ]
INFO: [ app_end ] --START--
INFO: Run Behavior\ShowPageTraceBehavior [ RunTime:0.002660s ]
INFO: [ app_end ] --END-- [ RunTime:0.003152s ]

[ 2017-06-06T15:35:17+08:00 ] 127.0.0.1 /arms/index.php?m=&&m=admin&c=index&a=index
INFO: [ app_init ] --START--
INFO: Run Behavior\BuildLiteBehavior [ RunTime:0.000093s ]
INFO: [ app_init ] --END-- [ RunTime:0.002023s ]
INFO: [ app_begin ] --START--
INFO: Run Behavior\ReadHtmlCacheBehavior [ RunTime:0.003664s ]
INFO: [ app_begin ] --END-- [ RunTime:0.004428s ]
INFO: [ view_parse ] --START--
INFO: [ template_filter ] --START--
INFO: Run Behavior\ContentReplaceBehavior [ RunTime:0.000279s ]
INFO: [ template_filter ] --END-- [ RunTime:0.000713s ]
INFO: Run Behavior\ParseTemplateBehavior [ RunTime:0.043611s ]
INFO: [ view_parse ] --END-- [ RunTime:0.044199s ]
INFO: [ view_filter ] --START--
INFO: Run Behavior\WriteHtmlCacheBehavior [ RunTime:0.002131s ]
INFO: [ view_filter ] --END-- [ RunTime:0.002805s ]
INFO: [ app_end ] --START--
INFO: Run Behavior\ShowPageTraceBehavior [ RunTime:0.004889s ]
INFO: [ app_end ] --END-- [ RunTime:0.005475s ]

[ 2017-06-06T15:35:23+08:00 ] 127.0.0.1 /arms/index.php?m=admin&c=index&a=tzgl
INFO: [ app_init ] --START--
INFO: Run Behavior\BuildLiteBehavior [ RunTime:0.000094s ]
INFO: [ app_init ] --END-- [ RunTime:0.001844s ]
INFO: [ app_begin ] --START--
INFO: Run Behavior\ReadHtmlCacheBehavior [ RunTime:0.002291s ]
INFO: [ app_begin ] --END-- [ RunTime:0.002725s ]
SQL: SHOW COLUMNS FROM `patient` [ RunTime:0.0262s ]
SQL: SHOW COLUMNS FROM `visit` [ RunTime:0.0272s ]
SQL: SHOW COLUMNS FROM `patient` [ RunTime:0.0255s ]
SQL: SELECT * FROM patient as a INNER JOIN Treatment as b on b.patientid=a.idnumber INNER JOIN Visit as c on c.treatmentid=b.treatmentid   [ RunTime:0.0030s ]
INFO: [ view_parse ] --START--
INFO: [ template_filter ] --START--
INFO: Run Behavior\ContentReplaceBehavior [ RunTime:0.000236s ]
INFO: [ template_filter ] --END-- [ RunTime:0.000655s ]
INFO: Run Behavior\ParseTemplateBehavior [ RunTime:0.056106s ]
INFO: [ view_parse ] --END-- [ RunTime:0.056640s ]
INFO: [ view_filter ] --START--
INFO: Run Behavior\WriteHtmlCacheBehavior [ RunTime:0.001487s ]
INFO: [ view_filter ] --END-- [ RunTime:0.001868s ]
INFO: [ app_end ] --START--
INFO: Run Behavior\ShowPageTraceBehavior [ RunTime:0.002916s ]
INFO: [ app_end ] --END-- [ RunTime:0.003501s ]

[ 2017-06-06T15:36:22+08:00 ] 127.0.0.1 /arms/index.php?m=admin&c=login&a=check
INFO: [ app_init ] --START--
INFO: Run Behavior\BuildLiteBehavior [ RunTime:0.000090s ]
INFO: [ app_init ] --END-- [ RunTime:0.001691s ]
INFO: [ app_begin ] --START--
INFO: Run Behavior\ReadHtmlCacheBehavior [ RunTime:0.002358s ]
INFO: [ app_begin ] --END-- [ RunTime:0.002817s ]
SQL: SHOW COLUMNS FROM `doctor` [ RunTime:0.0284s ]
SQL: SELECT * FROM `doctor` WHERE `doctorid` = 'admin'  [ RunTime:0.0011s ]
NOTIC: [8] Undefined variable: module D:\wamp\www\arms\ThinkPHP\Common\functions.php 第 990 行.
NOTIC: [8] Undefined variable: var D:\wamp\www\arms\ThinkPHP\Common\functions.php 第 990 行.
NOTIC: [2] array_reverse() expects parameter 1 to be array, null given D:\wamp\www\arms\ThinkPHP\Common\functions.php 第 990 行.
NOTIC: [2] http_build_query(): Parameter 1 expected to be Array or Object.  Incorrect value given D:\wamp\www\arms\ThinkPHP\Common\functions.php 第 990 行.
INFO: [ view_parse ] --START--
INFO: [ template_filter ] --START--
INFO: Run Behavior\ContentReplaceBehavior [ RunTime:0.000404s ]
INFO: [ template_filter ] --END-- [ RunTime:0.001241s ]
INFO: Run Behavior\ParseTemplateBehavior [ RunTime:0.045832s ]
INFO: [ view_parse ] --END-- [ RunTime:0.046568s ]
INFO: [ view_filter ] --START--
INFO: Run Behavior\WriteHtmlCacheBehavior [ RunTime:0.002235s ]
INFO: [ view_filter ] --END-- [ RunTime:0.002932s ]
INFO: [ app_end ] --START--
INFO: Run Behavior\ShowPageTraceBehavior [ RunTime:0.005116s ]
INFO: [ app_end ] --END-- [ RunTime:0.005843s ]

[ 2017-06-06T15:36:23+08:00 ] 127.0.0.1 /arms/index.php?m=&&m=admin&c=index&a=index
INFO: [ app_init ] --START--
INFO: Run Behavior\BuildLiteBehavior [ RunTime:0.000152s ]
INFO: [ app_init ] --END-- [ RunTime:0.002652s ]
INFO: [ app_begin ] --START--
INFO: Run Behavior\ReadHtmlCacheBehavior [ RunTime:0.005553s ]
INFO: [ app_begin ] --END-- [ RunTime:0.006713s ]
INFO: [ view_parse ] --START--
INFO: [ template_filter ] --START--
INFO: Run Behavior\ContentReplaceBehavior [ RunTime:0.000390s ]
INFO: [ template_filter ] --END-- [ RunTime:0.001137s ]
INFO: Run Behavior\ParseTemplateBehavior [ RunTime:0.047196s ]
INFO: [ view_parse ] --END-- [ RunTime:0.048044s ]
INFO: [ view_filter ] --START--
INFO: Run Behavior\WriteHtmlCacheBehavior [ RunTime:0.002359s ]
INFO: [ view_filter ] --END-- [ RunTime:0.003085s ]
INFO: [ app_end ] --START--
INFO: Run Behavior\ShowPageTraceBehavior [ RunTime:0.004961s ]
INFO: [ app_end ] --END-- [ RunTime:0.006247s ]

[ 2017-06-06T15:36:29+08:00 ] 127.0.0.1 /arms/index.php?m=admin&c=index&a=hzcx
INFO: [ app_init ] --START--
INFO: Run Behavior\BuildLiteBehavior [ RunTime:0.000149s ]
INFO: [ app_init ] --END-- [ RunTime:0.002809s ]
INFO: [ app_begin ] --START--
INFO: Run Behavior\ReadHtmlCacheBehavior [ RunTime:0.004154s ]
INFO: [ app_begin ] --END-- [ RunTime:0.004803s ]
SQL: SHOW COLUMNS FROM `patient` [ RunTime:0.0334s ]
SQL: SHOW COLUMNS FROM `patient` [ RunTime:0.0367s ]
SQL: SELECT * FROM `patient` WHERE `birthyear` = 1999  [ RunTime:0.0022s ]
INFO: [ view_parse ] --START--
INFO: [ template_filter ] --START--
INFO: Run Behavior\ContentReplaceBehavior [ RunTime:0.000366s ]
INFO: [ template_filter ] --END-- [ RunTime:0.001108s ]
INFO: Run Behavior\ParseTemplateBehavior [ RunTime:0.041128s ]
INFO: [ view_parse ] --END-- [ RunTime:0.041736s ]
INFO: [ view_filter ] --START--
INFO: Run Behavior\WriteHtmlCacheBehavior [ RunTime:0.002217s ]
INFO: [ view_filter ] --END-- [ RunTime:0.003020s ]
INFO: [ app_end ] --START--
INFO: Run Behavior\ShowPageTraceBehavior [ RunTime:0.003693s ]
INFO: [ app_end ] --END-- [ RunTime:0.004375s ]

[ 2017-06-06T15:36:34+08:00 ] 127.0.0.1 /arms/index.php?m=admin&c=index&a=hzcx1&name=asad&idnumber=1111
INFO: [ app_init ] --START--
INFO: Run Behavior\BuildLiteBehavior [ RunTime:0.000095s ]
INFO: [ app_init ] --END-- [ RunTime:0.002245s ]
INFO: [ app_begin ] --START--
INFO: Run Behavior\ReadHtmlCacheBehavior [ RunTime:0.003472s ]
INFO: [ app_begin ] --END-- [ RunTime:0.004168s ]
SQL: SHOW COLUMNS FROM `patient` [ RunTime:0.0265s ]
SQL: SHOW COLUMNS FROM `patient` [ RunTime:0.0266s ]
SQL: SELECT * FROM `patient` WHERE `name` = 'asad' AND `idnumber` = '1111'  [ RunTime:0.0014s ]
SQL: SHOW COLUMNS FROM `patient` [ RunTime:0.0257s ]
SQL: SELECT * FROM patient as a INNER JOIN Treatment as b on b.patientid=a.idnumber INNER JOIN Visit as c on c.treatmentid=b.treatmentid  WHERE `name` = 'asad' AND `idnumber` = '1111'  [ RunTime:0.0024s ]
INFO: [ view_parse ] --START--
INFO: [ template_filter ] --START--
INFO: Run Behavior\ContentReplaceBehavior [ RunTime:0.000253s ]
INFO: [ template_filter ] --END-- [ RunTime:0.000799s ]
INFO: Run Behavior\ParseTemplateBehavior [ RunTime:0.047186s ]
INFO: [ view_parse ] --END-- [ RunTime:0.047667s ]
INFO: [ view_filter ] --START--
INFO: Run Behavior\WriteHtmlCacheBehavior [ RunTime:0.001445s ]
INFO: [ view_filter ] --END-- [ RunTime:0.001848s ]
INFO: [ app_end ] --START--
INFO: Run Behavior\ShowPageTraceBehavior [ RunTime:0.003089s ]
INFO: [ app_end ] --END-- [ RunTime:0.003524s ]

[ 2017-06-06T15:37:41+08:00 ] 127.0.0.1 /arms/index.php?m=admin&c=index&a=hzcx
INFO: [ app_init ] --START--
INFO: Run Behavior\BuildLiteBehavior [ RunTime:0.000169s ]
INFO: [ app_init ] --END-- [ RunTime:0.003496s ]
INFO: [ app_begin ] --START--
INFO: Run Behavior\ReadHtmlCacheBehavior [ RunTime:0.002537s ]
INFO: [ app_begin ] --END-- [ RunTime:0.003093s ]
SQL: SHOW COLUMNS FROM `patient` [ RunTime:0.0357s ]
SQL: SHOW COLUMNS FROM `patient` [ RunTime:0.0319s ]
SQL: SELECT * FROM `patient` WHERE `birthyear` = 1999  [ RunTime:0.0025s ]
INFO: [ view_parse ] --START--
INFO: [ template_filter ] --START--
INFO: Run Behavior\ContentReplaceBehavior [ RunTime:0.000402s ]
INFO: [ template_filter ] --END-- [ RunTime:0.001144s ]
INFO: Run Behavior\ParseTemplateBehavior [ RunTime:0.053609s ]
INFO: [ view_parse ] --END-- [ RunTime:0.054413s ]
INFO: [ view_filter ] --START--
INFO: Run Behavior\WriteHtmlCacheBehavior [ RunTime:0.002812s ]
INFO: [ view_filter ] --END-- [ RunTime:0.003506s ]
INFO: [ app_end ] --START--
INFO: Run Behavior\ShowPageTraceBehavior [ RunTime:0.005872s ]
INFO: [ app_end ] --END-- [ RunTime:0.006588s ]

[ 2017-06-06T15:37:45+08:00 ] 127.0.0.1 /arms/index.php?m=admin&c=index&a=hzcx1&name=asad&idnumber=1111
INFO: [ app_init ] --START--
INFO: Run Behavior\BuildLiteBehavior [ RunTime:0.000157s ]
INFO: [ app_init ] --END-- [ RunTime:0.002768s ]
INFO: [ app_begin ] --START--
INFO: Run Behavior\ReadHtmlCacheBehavior [ RunTime:0.002973s ]
INFO: [ app_begin ] --END-- [ RunTime:0.003429s ]
SQL: SHOW COLUMNS FROM `patient` [ RunTime:0.0309s ]
SQL: SHOW COLUMNS FROM `patient` [ RunTime:0.0305s ]
SQL: SELECT * FROM `patient` WHERE `name` = 'asad' AND `idnumber` = '1111'  [ RunTime:0.0022s ]
SQL: SHOW COLUMNS FROM `patient` [ RunTime:0.0350s ]
SQL: SELECT * FROM patient as a INNER JOIN Treatment as b on b.patientid=a.idnumber INNER JOIN Visit as c on c.treatmentid=b.treatmentid  WHERE `name` = 'asad' AND `idnumber` = '1111'  [ RunTime:0.0037s ]
INFO: [ view_parse ] --START--
INFO: [ template_filter ] --START--
INFO: Run Behavior\ContentReplaceBehavior [ RunTime:0.000259s ]
INFO: [ template_filter ] --END-- [ RunTime:0.000807s ]
INFO: Run Behavior\ParseTemplateBehavior [ RunTime:0.063756s ]
INFO: [ view_parse ] --END-- [ RunTime:0.064495s ]
INFO: [ view_filter ] --START--
INFO: Run Behavior\WriteHtmlCacheBehavior [ RunTime:0.002095s ]
INFO: [ view_filter ] --END-- [ RunTime:0.002694s ]
INFO: [ app_end ] --START--
INFO: Run Behavior\ShowPageTraceBehavior [ RunTime:0.004942s ]
INFO: [ app_end ] --END-- [ RunTime:0.005865s ]

[ 2017-06-06T15:38:27+08:00 ] 127.0.0.1 /arms/index.php?m=admin&c=index&a=xxxg
INFO: [ app_init ] --START--
INFO: Run Behavior\BuildLiteBehavior [ RunTime:0.000092s ]
INFO: [ app_init ] --END-- [ RunTime:0.001977s ]
INFO: [ app_begin ] --START--
INFO: Run Behavior\ReadHtmlCacheBehavior [ RunTime:0.002590s ]
INFO: [ app_begin ] --END-- [ RunTime:0.003297s ]
SQL: SHOW COLUMNS FROM `patient` [ RunTime:0.0348s ]
NOTIC: [8] Undefined index: idnumber D:\wamp\www\arms\Application\Admin\Controller\IndexController.class.php 第 468 行.
SQL: UPDATE `patient` SET `name`='hhh' WHERE `idnumber` = null [ RunTime:0.0307s ]
INFO: [ app_end ] --START--
INFO: Run Behavior\ShowPageTraceBehavior [ RunTime:0.003735s ]
INFO: [ app_end ] --END-- [ RunTime:0.004310s ]

[ 2017-06-06T15:38:44+08:00 ] 127.0.0.1 /arms/index.php?m=admin&c=index&a=xxxg
INFO: [ app_init ] --START--
INFO: Run Behavior\BuildLiteBehavior [ RunTime:0.000095s ]
INFO: [ app_init ] --END-- [ RunTime:0.003076s ]
INFO: [ app_begin ] --START--
INFO: Run Behavior\ReadHtmlCacheBehavior [ RunTime:0.004000s ]
INFO: [ app_begin ] --END-- [ RunTime:0.004901s ]
SQL: SHOW COLUMNS FROM `patient` [ RunTime:0.0271s ]
SQL: SHOW COLUMNS FROM `reimbursementcategory` [ RunTime:0.0250s ]
SQL: SELECT * FROM `reimbursementcategory` WHERE `reimbursementcategorycontent` = '省本级医保'  [ RunTime:0.0011s ]
NOTIC: [8] Undefined index: idnumber D:\wamp\www\arms\Application\Admin\Controller\IndexController.class.php 第 468 行.
SQL: UPDATE `patient` SET `reimbursementcategory`='1' WHERE `idnumber` = null [ RunTime:0.0012s ]
INFO: [ app_end ] --START--
INFO: Run Behavior\ShowPageTraceBehavior [ RunTime:0.002548s ]
INFO: [ app_end ] --END-- [ RunTime:0.003110s ]

[ 2017-06-06T15:39:10+08:00 ] 127.0.0.1 /arms/index.php?m=admin&c=index&a=hzgl1
INFO: [ app_init ] --START--
INFO: Run Behavior\BuildLiteBehavior [ RunTime:0.000107s ]
INFO: [ app_init ] --END-- [ RunTime:0.001968s ]
INFO: [ app_begin ] --START--
INFO: Run Behavior\ReadHtmlCacheBehavior [ RunTime:0.002810s ]
INFO: [ app_begin ] --END-- [ RunTime:0.003289s ]
SQL: SHOW COLUMNS FROM `treatment` [ RunTime:0.0345s ]
NOTIC: [8] Undefined index: idnumber D:\wamp\www\arms\Application\Admin\Controller\IndexController.class.php 第 268 行.
ERR: 1048:Column 'patientid' cannot be null
 [ SQL语句 ] : INSERT INTO `treatment` (`patientid`,`doctorid`,`diagnosis1`,`treatmentplan1`,`diseaseassessment1`,`medicaltime`) VALUES (NULL,'admin','asddf','ds','wer','2017-06-06')
ERR: 1048:Column 'patientid' cannot be null
 [ SQL语句 ] : INSERT INTO `treatment` (`patientid`,`doctorid`,`diagnosis1`,`treatmentplan1`,`diseaseassessment1`,`medicaltime`) VALUES (NULL,'admin','asddf','ds','wer','2017-06-06')

[ 2017-06-06T15:41:42+08:00 ] 127.0.0.1 /arms/index.php?m=admin&c=index&a=tzgl
INFO: [ app_init ] --START--
INFO: Run Behavior\BuildLiteBehavior [ RunTime:0.000097s ]
INFO: [ app_init ] --END-- [ RunTime:0.001893s ]
INFO: [ app_begin ] --START--
INFO: Run Behavior\ReadHtmlCacheBehavior [ RunTime:0.003850s ]
INFO: [ app_begin ] --END-- [ RunTime:0.004687s ]
SQL: SHOW COLUMNS FROM `patient` [ RunTime:0.0336s ]
SQL: SHOW COLUMNS FROM `visit` [ RunTime:0.0360s ]
SQL: SHOW COLUMNS FROM `patient` [ RunTime:0.0326s ]
SQL: SELECT * FROM patient as a INNER JOIN Treatment as b on b.patientid=a.idnumber INNER JOIN Visit as c on c.treatmentid=b.treatmentid   [ RunTime:0.0040s ]
INFO: [ view_parse ] --START--
INFO: [ template_filter ] --START--
INFO: Run Behavior\ContentReplaceBehavior [ RunTime:0.000409s ]
INFO: [ template_filter ] --END-- [ RunTime:0.001172s ]
INFO: Run Behavior\ParseTemplateBehavior [ RunTime:0.047860s ]
INFO: [ view_parse ] --END-- [ RunTime:0.048615s ]
INFO: [ view_filter ] --START--
INFO: Run Behavior\WriteHtmlCacheBehavior [ RunTime:0.002411s ]
INFO: [ view_filter ] --END-- [ RunTime:0.003257s ]
INFO: [ app_end ] --START--
INFO: Run Behavior\ShowPageTraceBehavior [ RunTime:0.003822s ]
INFO: [ app_end ] --END-- [ RunTime:0.004534s ]

[ 2017-06-06T15:43:14+08:00 ] 127.0.0.1 /arms/index.php?m=admin&c=index&a=tzgl
INFO: [ app_init ] --START--
INFO: Run Behavior\BuildLiteBehavior [ RunTime:0.000093s ]
INFO: [ app_init ] --END-- [ RunTime:0.001787s ]
INFO: [ app_begin ] --START--
INFO: Run Behavior\ReadHtmlCacheBehavior [ RunTime:0.002346s ]
INFO: [ app_begin ] --END-- [ RunTime:0.002806s ]
SQL: SHOW COLUMNS FROM `patient` [ RunTime:0.0264s ]
SQL: SHOW COLUMNS FROM `visit` [ RunTime:0.0246s ]
SQL: SHOW COLUMNS FROM `patient` [ RunTime:0.0259s ]
SQL: SELECT * FROM patient as a INNER JOIN Treatment as b on b.patientid=a.idnumber INNER JOIN Visit as c on c.treatmentid=b.treatmentid   [ RunTime:0.0023s ]
INFO: [ view_parse ] --START--
INFO: [ template_filter ] --START--
INFO: Run Behavior\ContentReplaceBehavior [ RunTime:0.000235s ]
INFO: [ template_filter ] --END-- [ RunTime:0.000647s ]
INFO: Run Behavior\ParseTemplateBehavior [ RunTime:0.035001s ]
INFO: [ view_parse ] --END-- [ RunTime:0.035565s ]
INFO: [ view_filter ] --START--
INFO: Run Behavior\WriteHtmlCacheBehavior [ RunTime:0.001656s ]
INFO: [ view_filter ] --END-- [ RunTime:0.002317s ]
INFO: [ app_end ] --START--
INFO: Run Behavior\ShowPageTraceBehavior [ RunTime:0.002507s ]
INFO: [ app_end ] --END-- [ RunTime:0.002916s ]

[ 2017-06-06T15:45:56+08:00 ] 127.0.0.1 /arms/index.php?m=admin&c=index&a=tzgl
INFO: [ app_init ] --START--
INFO: Run Behavior\BuildLiteBehavior [ RunTime:0.000094s ]
INFO: [ app_init ] --END-- [ RunTime:0.002849s ]
INFO: [ app_begin ] --START--
INFO: Run Behavior\ReadHtmlCacheBehavior [ RunTime:0.002803s ]
INFO: [ app_begin ] --END-- [ RunTime:0.003354s ]
SQL: SHOW COLUMNS FROM `patient` [ RunTime:0.0297s ]
SQL: SHOW COLUMNS FROM `visit` [ RunTime:0.0263s ]
SQL: SHOW COLUMNS FROM `patient` [ RunTime:0.0285s ]
SQL: SELECT * FROM patient as a INNER JOIN Treatment as b on b.patientid=a.idnumber INNER JOIN Visit as c on c.treatmentid=b.treatmentid   [ RunTime:0.0028s ]
INFO: [ view_parse ] --START--
INFO: [ template_filter ] --START--
INFO: Run Behavior\ContentReplaceBehavior [ RunTime:0.000246s ]
INFO: [ template_filter ] --END-- [ RunTime:0.000707s ]
INFO: Run Behavior\ParseTemplateBehavior [ RunTime:0.041903s ]
INFO: [ view_parse ] --END-- [ RunTime:0.042434s ]
INFO: [ view_filter ] --START--
INFO: Run Behavior\WriteHtmlCacheBehavior [ RunTime:0.001559s ]
INFO: [ view_filter ] --END-- [ RunTime:0.001950s ]
INFO: [ app_end ] --START--
INFO: Run Behavior\ShowPageTraceBehavior [ RunTime:0.002480s ]
INFO: [ app_end ] --END-- [ RunTime:0.002978s ]

[ 2017-06-06T15:53:36+08:00 ] 127.0.0.1 /arms/index.php?m=admin&c=index&a=yhgl1
INFO: [ app_init ] --START--
INFO: Run Behavior\BuildLiteBehavior [ RunTime:0.000102s ]
INFO: [ app_init ] --END-- [ RunTime:0.001812s ]
INFO: [ app_begin ] --START--
INFO: Run Behavior\ReadHtmlCacheBehavior [ RunTime:0.003094s ]
INFO: [ app_begin ] --END-- [ RunTime:0.003649s ]
SQL: SHOW COLUMNS FROM `doctor` [ RunTime:0.0960s ]
SQL: SELECT * FROM `doctor`  [ RunTime:0.0016s ]
INFO: [ view_parse ] --START--
INFO: [ template_filter ] --START--
INFO: Run Behavior\ContentReplaceBehavior [ RunTime:0.000281s ]
INFO: [ template_filter ] --END-- [ RunTime:0.000702s ]
INFO: Run Behavior\ParseTemplateBehavior [ RunTime:0.051478s ]
INFO: [ view_parse ] --END-- [ RunTime:0.052232s ]
INFO: [ view_filter ] --START--
INFO: Run Behavior\WriteHtmlCacheBehavior [ RunTime:0.002382s ]
INFO: [ view_filter ] --END-- [ RunTime:0.002813s ]
INFO: [ app_end ] --START--
INFO: Run Behavior\ShowPageTraceBehavior [ RunTime:0.003405s ]
INFO: [ app_end ] --END-- [ RunTime:0.003802s ]

